01-07-2020 18:23:18.142,-,AT," ,0013A20040F7BEFB,XBEE 802.15.4,10EF,COM4 - 9600/8/N/1/N,1"

01-07-2020 18:23:04.675,2447,RECV,310D0A37382E38380D0A37382E38380D0A37382E38380D0A37382E38380D0A37382E38380D0A37382E39340D0A37
01-07-2020 18:23:04.675,2448,RECV,382E39340D0A37382E39340D0A37382E39340D0A37392E32350D0A37392E32350D0A37392E32350D0A37392E3235
01-07-2020 18:23:04.715,2449,RECV,0D0A37392E32350D0A37392E36380D0A37392E36380D0A37392E36380D0A37392E36380D0A37392E36380D0A37392E36380D0A37392E36380D0A37392E36
01-07-2020 18:23:04.767,2450,RECV,380D0A37392E36380D0A38302E30360D0A38302E30360D0A38302E30360D0A38302E30360D0A38302E30360D0A38
01-07-2020 18:23:04.859,2451,RECV,302E30360D0A38302E30360D0A38302E30360D0A38302E30360D0A38302E30360D0A38302E30360D0A38302E3036
01-07-2020 18:23:04.871,2452,RECV,0D0A38302E30360D0A38302E30360D0A38302E30360D0A38302E30360D0A38302E30360D0A38302E30360D0A3830
01-07-2020 18:23:04.923,2453,RECV,2E30360D0A38302E30360D0A38302E30360D0A38302E30360D0A38302E33370D0A38302E33370D0A38302E33370D0A38302E33370D0A38302E36380D0A38
01-07-2020 18:23:05.067,2454,RECV,302E36380D0A38302E36380D0A38302E36380D0A38302E36380D0A38312E33310D0A38312E33310D0A38312E3331
01-07-2020 18:23:05.067,2455,RECV,0D0A38312E33310D0A38302E39330D0A38302E39330D0A38302E39330D0A38302E39330D0A38302E39330D0A3831
01-07-2020 18:23:05.079,2456,RECV,2E36320D0A38312E36320D0A38312E36320D0A38312E36320D0A38312E37310D0A38312E37310D0A38312E37310D
01-07-2020 18:23:05.131,2457,RECV,0A38312E37310D0A38312E37310D0A38312E34300D0A38312E34300D0A38312E34300D0A38312E34300D0A38312E34300D0A38312E34300D0A38312E3430
01-07-2020 18:23:05.239,2458,RECV,0D0A38312E34300D0A38312E34300D0A38322E30310D0A38322E30310D0A38322E30310D0A38322E30310D0A3832
01-07-2020 18:23:05.239,2459,RECV,2E30310D0A38322E30310D0A38322E30310D0A38322E30310D0A38322E30310D0A38322E30310D0A38322E30310D
01-07-2020 18:23:05.287,2460,RECV,0A38322E30310D0A38322E30310D0A38322E30310D0A38322E30310D0A38322E30310D0A38322E30310D0A38322E
01-07-2020 18:23:05.419,2461,RECV,30310D0A38322E30310D0A38322E30310D0A38322E30310D0A38322E30310D0A38302E39360D0A38302E39360D0A38302E39360D0A38302E39360D0A3831
01-07-2020 18:23:05.423,2462,RECV,2E31300D0A38302E37390D0A38302E37390D0A38302E37390D0A38302E37390D0A38302E34380D0A38
01-07-2020 18:23:05.443,2463,RECV,302E34380D0A38302E34380D0A38302E34380D0A38302E30350D0A38302E30350D0A38302E30350D0A38302E3035
01-07-2020 18:23:05.495,2464,RECV,0D0A38302E30350D0A37392E36320D0A37392E36320D0A37392E36320D0A37392E36320D0A37392E36320D0A3739
01-07-2020 18:23:05.619,2465,RECV,2E36320D0A37392E36320D0A37392E36320D0A37392E36320D0A37392E36380D0A37392E36380D0A37392E36380D0A37392E36380D0A37392E36380D0A37
01-07-2020 18:23:05.619,2466,RECV,392E36380D0A37392E36380D0A37392E36380D0A37392E36380D0A37392E33370D0A37392E33370D0A37392E3337
01-07-2020 18:23:05.651,2467,RECV,0D0A37392E33370D0A37392E33370D0A37392E33370D0A37392E33370D0A37392E33370D0A37392E33370D0A3739
01-07-2020 18:23:05.703,2468,RECV,2E33370D0A37392E33370D0A37392E33370D0A37392E33370D0A37392E33370D0A37392E33370D0A37392E33370D
01-07-2020 18:23:05.803,2469,RECV,0A37392E33370D0A37392E33370D0A37392E33370D0A37392E33370D0A37392E33370D0A37392E33370D0A38312E31370D0A38312E31370D0A38312E31
01-07-2020 18:23:05.807,2470,RECV,370D0A38312E31370D0A38312E31370D0A38312E34380D0A38312E34380D0A38312E34380D0A38312E34380D0A3831
01-07-2020 18:23:05.859,2471,RECV,2E37380D0A38312E37380D0A38312E37380D0A38312E37380D0A38312E39340D0A38312E39340D0A38312E39340D
01-07-2020 18:23:05.999,2472,RECV,0A38312E39340D0A38312E39340D0A38322E30390D0A38322E30390D0A38322E30390D0A38322E30390D
01-07-2020 18:23:06.015,2473,RECV,302E33350D0A38302E33350D0A38302E33350D0A3830
01-07-2020 18:23:06.067,2474,RECV,2E33350D0A38302E33350D0A38302E33350D0A38302E33350D0A38302E33350D0A38302E33350D0A38302E33350D
01-07-2020 18:23:06.187,2475,RECV,0A38302E33350D0A38302E33350D0A38302E33350D0A38302E33350D0A38302E33350D0A38302E3335
01-07-2020 18:23:06.187,2476,RECV,0D0A38302E33350D0A38302E33350D0A38302E33350D0A38302E33350D0A38302E33350D0A38302E33350D0A37372E32380D0A37372E32380D0A37372E32
01-07-2020 18:23:06.223,2477,RECV,380D0A37372E32380D0A37372E33320D0A37372E30310D0A37372E30310D0A37372E30310D0A37372E30310D0A37
01-07-2020 18:23:06.275,2478,RECV,352E31320D0A37352E31320D0A37352E31320D0A37352E31320D0A37352E31320D0A37352E31320D0A37352E3132
01-07-2020 18:23:06.371,2479,RECV,0D0A37352E31320D0A37352E31320D0A37342E38340D0A37342E38340D0A37342E38340D0A37342E38340D0A3734
01-07-2020 18:23:06.379,2480,RECV,2E32310D0A37342E32310D0A37342E32310D0A37342E32310D0A37342E32310D0A37332E32320D0A37332E32320D0A37332E32320D0A37332E32320D0A37
01-07-2020 18:23:06.431,2481,RECV,322E39360D0A37322E39360D0A37322E39360D0A37322E39360D0A37322E39360D0A37332E32350D0A37332E3235
01-07-2020 18:23:06.567,2482,RECV,0D0A37332E32350D0A37332E32350D0A37332E32350D0A37332E32350D0A37332E32350D0A37332E32350D0A3733
01-07-2020 18:23:06.567,2483,RECV,2E32350D0A37322E33310D0A37322E33310D0A37322E33310D0A37322E33310D0A37322E33
01-07-2020 18:23:06.639,2484,RECV,0A37322E33310D0A37322E33310D0A37322E33310D0A
01-07-2020 18:23:06.771,2485,RECV,37322E30350D0A37322E30350D0A37322E30350D0A37322E30350D0A37322E30350D0A37312E37320D0A37312E37
01-07-2020 18:23:06.771,2486,RECV,320D0A37312E37320D0A37312E37320D0A37312E30370D0A37312E30370D0A37
01-07-2020 18:23:06.847,2487,RECV,31300D0A37302E31300D0A36392E31300D0A36392E31
01-07-2020 18:23:06.995,2488,RECV,300D0A36392E31300D0A36392E31300D0A36382E37370D0A36382E37370D0A36382E37370D0A36382E37370D0A36
01-07-2020 18:23:06.995,2489,RECV,382E37370D0A36372E34340D0A36372E34340D0A36372E34340D0A36372E34340D0A3637
01-07-2020 18:23:07.003,2490,RECV,2E34340D0A36372E34340D0A36372E34340D0A36372E34340D0A36372E34340D0A36372E34340D0A36372E34340D0A36372E34340D0A36372E34340D0A
01-07-2020 18:23:07.055,2491,RECV,36372E34340D0A36372E34340D0A36372E34340D0A36372E34340D0A36372E34340D0A36372E34340D0A36372E34
01-07-2020 18:23:07.175,2492,RECV,340D0A36372E34340D0A36372E34340D0A36352E30390D0A36352E30390D0A36352E30390D0A36352E30390D0A3635
01-07-2020 18:23:07.175,2493,RECV,2E30370D0A36352E30370D0A36352E30370D0A36352E30370D0A36352E30370D0A36342E30330D0A36342E30330D
01-07-2020 18:23:07.211,2494,RECV,0A36342E30330D0A36342E30330D0A36332E33360D0A36332E33360D0A36332E33360D0A36332E33360D0A36332E33360D0A36332E30320D0A36332E30
01-07-2020 18:23:07.263,2495,RECV,320D0A36332E30320D0A36332E30320D0A36332E33360D0A36332E33360D0A36332E33360D0A36332E33360D0A36
01-07-2020 18:23:07.359,2496,RECV,332E33360D0A36322E32380D0A36322E32380D0A36322E32380D0A36322E32380D0A36322E30320D0A36322E3032
01-07-2020 18:23:07.367,2497,RECV,0D0A36322E30320D0A36322E30320D0A36322E30320D0A36312E36380D0A36312E36380D0A36312E36380D
01-07-2020 18:23:07.679,2498,RECV,0D0A35392E37390D0A35392E37390D0A35
01-07-2020 18:23:07.731,2499,RECV,392E37390D0A35392E37390D0A35392E37390D0A35392E37390D0A35392E37390D0A35392E35310D0A35392E3531
01-07-2020 18:23:07.851,2500,RECV,0D0A35392E35310D0A35392E35310D0A35392E35310D0A35392E35360D0A35392E35360D0A35392E35360D0A3539
01-07-2020 18:23:07.851,2501,RECV,2E35360D0A35392E35360D0A35392E35360D0A35392E35360D0A35392E35360D0A35392E35360D0A35382E39370D0A35382E39370D0A35382E39370D0A
01-07-2020 18:23:07.887,2502,RECV,35382E39370D0A35382E39370D0A35382E39370D0A35382E39370D0A35382E39370D0A35382E39370D0A35382E3937
01-07-2020 18:23:07.939,2503,RECV,0D0A35382E39370D0A35382E39370D0A35382E39370D0A35382E39370D0A35382E39370D0A35382E39370D0A3538
01-07-2020 18:23:08.035,2504,RECV,2E39370D0A35382E39370D0A35382E39370D0A35382E39370D0A35382E39370D0A35382E39370D0A35392E32390D
01-07-2020 18:23:08.043,2505,RECV,0A35392E32390D0A35392E32390D0A35392E32390D0A35392E32390D0A35392E32390D0A35392E32390D0A35392E32390D0A35392E32390D0A35382E39
01-07-2020 18:23:08.095,2506,RECV,370D0A35382E39370D0A35382E39370D0A35382E39370D0A35392E35360D0A35392E35360D0A35392E35360D0A3539
01-07-2020 18:23:08.219,2507,RECV,2E35360D0A35392E35360D0A35392E36310D0A35392E36310D0A35392E36310D0A35392E36310D0A35392E39330D
01-07-2020 18:23:08.219,2508,RECV,0A35392E39330D0A35392E39330D0A35392E39330D0A35392E39330D0A35392E32390D0A35392E32390D0A35392E
01-07-2020 18:23:08.251,2509,RECV,32390D0A35392E32390D0A35392E39380D0A35392E39380D0A35392E39380D0A35392E39380D0A35392E39380D0A35392E39330D0A35392E39330D0A35
01-07-2020 18:23:08.303,2510,RECV,392E39330D0A35392E39330D0A35392E39330D0A35392E39330D0A35392E
01-07-2020 18:23:09.031,2511,RECV,34310D0A35392E3038
01-07-2020 18:23:09.083,2512,RECV,0D0A35392E30380D0A35392E30380D0A35392E30380D0A35392E37390D0A35392E37390D0A35392E37390D0A35392E37390D0A35392E37390D0A35382E
01-07-2020 18:23:09.223,2513,RECV,37350D0A35382E37350D0A35382E37350D0A35382E37350D0A35382E3836
01-07-2020 18:23:09.291,2514,RECV,35372E31390D0A35372E31390D0A35372E31390D0A35372E31390D0A35372E31390D0A35372E31390D0A35372E31390D0A35372E31390D0A35372E31
01-07-2020 18:23:09.411,2515,RECV,390D0A35372E31390D0A35372E31390D0A35372E31390D0A35372E31390D0A35372E31390D0A35372E31390D0A35
01-07-2020 18:23:09.411,2516,RECV,372E31390D0A35372E31390D0A35372E31390D0A35372E31390D0A35372E31390D0A35372E31390D0A35372E3139
01-07-2020 18:23:09.447,2517,RECV,0D0A35372E31390D0A35372E31390D0A35372E31390D0A35372E31390D0A35372E31390D0A35372E31390D0A3537
01-07-2020 18:23:09.499,2518,RECV,2E31390D0A35372E31390D0A35342E35360D0A35342E35360D0A35342E35360D0A35342E35360D0A35342E34380D0A35332E38340D0A35332E38340D0A35
01-07-2020 18:23:09.591,2519,RECV,332E38340D0A35332E38340D0A35322E37310D0A35322E37310D0A35322E37310D0A35322E37310D0A35322E3731
01-07-2020 18:23:09.603,2520,RECV,0D0A35332E30330D0A35332E30330D0A35332E30330D0A35332E30330D0A35322E34300D0A35322E34300D0A3532
01-07-2020 18:23:09.655,2521,RECV,2E34300D0A35322E34300D0A35322E37310D0A35322E37310D0A35322E37310D0A35322E37310D0A35322E37310D
01-07-2020 18:23:09.791,2522,RECV,0A35312E37370D0A35312E37370D0A35312E37370D0A35312E37370D0A35322E35330D0A35322E35330D0A35322E35330D0A35322E35330D0A35322E3533
01-07-2020 18:23:09.791,2523,RECV,0D0A35312E35370D0A35312E35370D0A35312E35370D0A35312E35370D0A35312E35370D0A35312E
