01-07-2020 13:57:35.537,-,AT," ,0013A20040F7BEFB,XBEE 802.15.4,10EF,COM3 - 9600/8/N/1/N,1,23"

01-07-2020 13:57:31.417,1548,RECV,360D0A3130362E33360D0A3130362E33360D0A3130362E35300D0A3130362E35300D0A3130362E35300D0A313036
01-07-2020 13:57:31.417,1549,RECV,2E35300D0A3130362E33310D0A3130362E33310D0A3130362E33310D0A3130352E39330D0A3130352E36380D0A31
01-07-2020 13:57:31.460,1550,RECV,30352E36380D0A3130352E36380D0A3130352E30350D0A3130352E30350D0A3130352E30350D0A3130352E30350D0A3130352E30350D0A3130352E3035
01-07-2020 13:57:31.510,1551,RECV,0D0A3130352E30350D0A3130352E30350D0A3130332E38330D0A3130332E38330D0A3130332E38330D0A3130332E38
01-07-2020 13:57:31.579,1552,RECV,330D0A3130342E39330D0A3130342E39330D0A3130342E39330D0A3130352E30350D0A3130352E30350D0A313035
01-07-2020 13:57:31.612,1553,RECV,2E30350D0A3130352E30350D0A3130352E37340D0A3130352E37340D0A3130352E37340D0A3130352E37340D0A31
01-07-2020 13:57:31.662,1554,RECV,30352E37340D0A3130352E37340D0A3130352E37340D0A3130352E37340D0A3130362E30300D0A3130362E30300D
01-07-2020 13:57:31.750,1555,RECV,0A3130362E30300D0A3130362E30300D0A3130362E30300D0A3130362E30300D0A3130362E30300D0A3130352E32
01-07-2020 13:57:31.763,1556,RECV,340D0A3130352E32340D0A3130352E32340D0A3130352E32340D0A3130342E35310D0A3130342E35310D0A313034
01-07-2020 13:57:31.813,1557,RECV,2E35310D0A3130342E35310D0A3130342E31350D0A3130342E31350D0A3130342E31350D0A3130342E31350D0A3130342E37350D0A3130342E37350D0A31
01-07-2020 13:57:31.928,1558,RECV,30342E37350D0A3130352E31320D0A3130352E31320D0A3130352E31320D0A3130352E31320D0A3130352E37340D
01-07-2020 13:57:31.929,1559,RECV,0A3130352E37340D0A3130352E37340D0A3130352E37340D0A3130352E37340D0A3130352E37340D0A3130352E37
01-07-2020 13:57:31.965,1560,RECV,340D0A3130352E37340D0A3130362E38390D0A3130362E38390D0A3130362E38390D0A3130362E38390D0A313036
01-07-2020 13:57:32.016,1561,RECV,2E30360D0A3130362E30360D0A3130362E30360D0A3130352E36380D0A3130352E36380D0A3130352E36380D0A31
01-07-2020 13:57:32.091,1562,RECV,30352E36380D0A3130352E33300D0A3130352E33300D0A3130352E33300D0A3130352E33300D0A3130352E33300D
01-07-2020 13:57:32.117,1563,RECV,0A3130352E33300D0A3130352E33300D0A3130352E33300D0A3130342E32360D0A3130342E32360D0A3130342E32360D0A3130342E32360D0A3130342E32
01-07-2020 13:57:32.168,1564,RECV,360D0A3130342E32360D0A3130342E32360D0A3130352E35350D0A3130352E35350D0A3130352E35350D0A313035
01-07-2020 13:57:32.220,1565,RECV,2E35350D0A3130362E35360D0A3130362E35360D0A3130362E35360D0A3130362E35360D0A3130362E35360D0A31
01-07-2020 13:57:32.269,1566,RECV,30362E35360D0A3130362E35360D0A3130362E35360D0A3130362E30360D0A3130362E30360D0A3130362E30360D
01-07-2020 13:57:32.463,1567,RECV,0A3130362E30360D0A3130362E30360D0A3130362E30360D0A3130362E30360D0A3130352E33300D0A3130352E33
01-07-2020 13:57:32.464,1568,RECV,300D0A3130352E33300D0A3130352E33300D0A3130342E33330D0A3130342E33330D0A3130342E33330D0A313034
01-07-2020 13:57:32.464,1569,RECV,2E33330D0A3130332E39300D0A3130332E39300D0A3130332E39300D0A3130332E39300D0A3130352E31320D0A3130352E31320D0A3130352E31320D0A31
01-07-2020 13:57:32.472,1570,RECV,30352E33300D0A3130352E33300D0A3130352E33300D0A3130352E33300D0A3130362E31370D0A3130362E31370D
01-07-2020 13:57:32.522,1571,RECV,0A3130362E31370D0A3130362E31370D0A3130362E31370D0A3130362E31370D0A3130362E31370D0A3130362E31
01-07-2020 13:57:32.603,1572,RECV,370D0A3130362E32350D0A3130362E32350D0A3130362E32350D0A3130362E32350D0A3130352E39330D0A313035
01-07-2020 13:57:32.623,1573,RECV,2E39330D0A3130352E39330D0A3130352E30350D0A3130352E30350D0A3130352E30350D0A3130352E30350D0A31
01-07-2020 13:57:32.674,1574,RECV,30342E36390D0A3130342E36390D0A3130342E36390D0A3130342E36390D0A3130342E36390D0A3130342E36390D0A
01-07-2020 13:57:32.777,1575,RECV,3130342E36390D0A3130342E36390D0A3130342E32360D0A3130342E32360D0A3130342E32360D0A3130342E32360D0A3130342E32360D0A3130342E32
01-07-2020 13:57:32.777,1576,RECV,360D0A3130342E32360D0A3130362E31370D0A3130362E31370D0A3130362E31370D0A3130362E31370D0A313036
01-07-2020 13:57:32.827,1577,RECV,2E37350D0A3130362E37350D0A3130362E37350D0A3130362E37350D0A3130362E37300D0A3130362E37300D0A31
01-07-2020 13:57:32.948,1578,RECV,30362E37300D0A3130362E37300D0A3130362E30360D0A3130362E30360D0A3130362E30360D0A3130362E30360D
01-07-2020 13:57:32.950,1579,RECV,0A3130362E30360D0A3130362E30360D0A3130362E30360D0A3130352E30350D0A3130352E30350D0A3130352E3035
01-07-2020 13:57:32.979,1580,RECV,0D0A3130352E30350D0A3130352E30350D0A3130352E30350D0A3130352E30350D0A3130352E30350D0A3130342E
01-07-2020 13:57:33.029,1581,RECV,32360D0A3130342E32360D0A3130342E32360D0A3130342E32360D0A3130342E38370D0A3130342E38370D0A3130342E38370D0A3130352E32340D0A31
01-07-2020 13:57:33.113,1582,RECV,30352E34390D0A3130352E34390D0A3130352E34390D0A3130362E39350D0A3130362E39350D0A3130362E39350D
01-07-2020 13:57:33.129,1583,RECV,0A3130362E39350D0A3130362E39350D0A3130362E39350D0A3130362E39350D0A3130362E39350D0A3130362E30
01-07-2020 13:57:33.180,1584,RECV,360D0A3130362E30360D0A3130362E30360D0A3130362E30360D0A3130362E30360D0A3130362E30360D0A3130362E
01-07-2020 13:57:33.263,1585,RECV,30360D0A3130342E38370D0A3130342E38370D0A3130342E38370D0A3130342E38370D0A3130342E30380D0A3130
01-07-2020 13:57:33.281,1586,RECV,342E30380D0A3130342E30380D0A3130342E30380D0A3130342E30380D0A3130342E30380D0A3130342E30380D0A
01-07-2020 13:57:33.332,1587,RECV,3130342E30380D0A3130342E38370D0A3130342E38370D0A3130342E38370D0A3130342E38370D0A3130342E38370D0A3130342E38370D0A3130342E38
01-07-2020 13:57:33.422,1588,RECV,370D0A3130362E33310D0A3130362E33310D0A3130362E33310D0A3130362E33310D0A3130362E37300D0A313036
01-07-2020 13:57:33.433,1589,RECV,2E37300D0A3130362E37300D0A3130362E37300D0A3130362E33310D0A3130362E33310D0A3130362E33310D0A3130
01-07-2020 13:57:33.484,1590,RECV,362E33310D0A3130352E39330D0A3130352E39330D0A3130352E39330D0A3130352E39330D0A3130352E39330D0A
01-07-2020 13:57:33.556,1591,RECV,3130352E39330D0A3130352E39330D0A3130342E34340D0A3130342E34340D0A3130342E34340D0A3130342E3434
01-07-2020 13:57:33.586,1592,RECV,0D0A3130342E34340D0A3130342E34340D0A3130342E34340D0A3130342E34340D0A3130342E38370D0A3130342E
01-07-2020 13:57:33.636,1593,RECV,38370D0A3130342E38370D0A3130342E38370D0A3130352E34390D0A3130352E34390D0A3130352E34390D0A3130352E37340D0A3130352E37340D0A31
01-07-2020 13:57:33.687,1594,RECV,30352E37340D0A3130352E37340D0A3130362E35300D0A3130362E35300D0A3130362E35300D0A3130362E35300D0A
01-07-2020 13:57:33.736,1595,RECV,3130362E35300D0A3130362E35300D0A3130362E35300D0A3130362E35300D0A3130352E34330D0A3130352E3433
01-07-2020 13:57:33.819,1596,RECV,0D0A3130352E34330D0A3130352E34330D0A3130352E34330D0A3130352E34330D0A3130352E34330D0A3130352E
01-07-2020 13:57:33.837,1597,RECV,31320D0A3130352E31320D0A3130352E31320D0A3130352E31320D0A3130342E32360D0A3130342E32360D0A3130
01-07-2020 13:57:33.888,1598,RECV,342E32360D0A3130342E32360D0A3130342E32360D0A3130342E32360D0A3130342E32360D0A3130342E32360D0A
01-07-2020 13:57:33.978,1599,RECV,3130352E35350D0A3130352E35350D0A3130352E35350D0A3130352E35350D0A3130352E35350D0A3130352E3535
01-07-2020 13:57:33.989,1600,RECV,0D0A3130352E35350D0A3130362E35300D0A3130362E35300D0A3130362E35300D0A3130362E35300D0A3130362E35300D0A3130362E35300D0A3130362E
01-07-2020 13:57:34.039,1601,RECV,35300D0A3130362E35300D0A3130352E36320D0A3130352E36320D0A3130352E36320D0A3130352E36320D0A3130
01-07-2020 13:57:34.138,1602,RECV,352E36320D0A3130352E36320D0A3130352E36320D0A3130352E30350D0A3130352E30350D0A3130352E30350D0A
01-07-2020 13:57:34.140,1603,RECV,3130352E30350D0A3130342E32360D0A3130342E32360D0A3130342E32360D0A3130342E32360D0A3130342E3236
01-07-2020 13:57:34.190,1604,RECV,0D0A3130342E32360D0A3130342E32360D0A3130342E32360D0A3130352E33300D0A3130352E33300D0A3130352E
01-07-2020 13:57:34.265,1605,RECV,33300D0A3130352E33300D0A3130352E33300D0A3130352E33300D0A3130352E33300D0A3130362E31320D0A3130
01-07-2020 13:57:34.290,1606,RECV,362E31320D0A3130362E31320D0A3130362E31320D0A3130362E35360D0A3130362E35360D0A3130362E35360D0A
01-07-2020 13:57:34.340,1607,RECV,3130362E35360D0A3130362E35360D0A3130362E35360D0A3130362E35360D0A3130362E35360D0A3130352E36380D0A3130352E36380D0A3130352E3638
01-07-2020 13:57:34.399,1608,RECV,0D0A3130352E36380D0A3130352E36380D0A3130352E36380D0A3130352E36380D0A3130342E33330D0A3130342E
01-07-2020 13:57:34.441,1609,RECV,33330D0A3130342E33330D0A3130342E33330D0A3130332E39300D0A3130332E39300D0A3130332E39300D0A3130
01-07-2020 13:57:34.491,1610,RECV,332E39300D0A3130342E38370D0A3130342E38370D0A3130342E38370D0A3130342E38370D0A3130352E34390D0A
01-07-2020 13:57:34.602,1611,RECV,3130352E34390D0A3130352E34390D0A3130352E36380D0A3130352E36380D0A3130352E36380D0A3130352E36380D
01-07-2020 13:57:34.602,1612,RECV,0A3130362E37350D0A3130362E37350D0A3130362E37350D0A3130362E37350D0A3130362E37350D0A3130362E37
01-07-2020 13:57:34.644,1613,RECV,350D0A3130362E37350D0A3130362E37350D0A3130352E34390D0A3130352E34390D0A3130352E34390D0A313035
01-07-2020 13:57:34.701,1614,RECV,2E34390D0A3130352E36380D0A3130352E36380D0A3130352E36380D0A3130342E30380D0A3130342E30380D0A3130342E30380D0A3130342E30380D0A
01-07-2020 13:57:34.745,1615,RECV,3130332E38330D0A3130332E38330D0A3130332E38330D0A3130332E38330D0A3130332E38330D0A3130332E3833
01-07-2020 13:57:34.835,1616,RECV,0D0A3130332E38330D0A3130332E38330D0A3130352E33300D0A3130352E33300D0A3130352E33300D0A3130352E33
01-07-2020 13:57:34.847,1617,RECV,300D0A3130352E33300D0A3130352E33300D0A3130352E33300D0A3130362E35360D0A3130362E35360D0A313036
01-07-2020 13:57:34.897,1618,RECV,2E35360D0A3130362E35360D0A3130362E33310D0A3130362E33310D0A3130362E33310D0A3130362E33310D0A31
01-07-2020 13:57:35.025,1619,RECV,30362E30360D0A3130362E30360D0A3130362E30360D0A3130362E30360D0A3130352E36380D0A3130352E36380D
01-07-2020 13:57:35.025,1620,RECV,0A3130352E36380D0A3130352E36380D0A3130352E36380D0A3130352E36380D0A3130352E36380D0A3130342E32360D0A3130342E32360D0A3130342E
01-07-2020 13:57:35.049,1621,RECV,32360D0A3130342E32360D0A3130342E32360D0A3130342E32360D0A3130342E32360D0A3130342E32360D0A313034
01-07-2020 13:57:35.099,1622,RECV,2E38300D0A3130342E38300D0A3130342E38300D0A3130342E38300D0A3130352E33300D0A3130352E33300D0A31
01-07-2020 13:57:35.181,1623,RECV,30352E33300D0A3130362E30360D0A3130362E33310D0A3130362E33310D0A3130362E33310D0A3130362E38390D
01-07-2020 13:57:35.201,1624,RECV,0A3130362E38390D0A3130362E38390D0A3130362E38390D0A3130362E38390D0A3130362E38390D0A3130362E38
01-07-2020 13:57:35.252,1625,RECV,390D0A3130362E38390D0A3130352E36380D0A3130352E36380D0A3130352E36380D0A3130352E36380D0A313035
01-07-2020 13:57:35.318,1626,RECV,2E36380D0A3130352E36380D0A3130352E36380D0A3130342E31350D0A3130342E31350D0A3130342E31350D0A3130342E31350D0A3130342E30380D0A31
01-07-2020 13:57:35.352,1627,RECV,30342E30380D0A3130342E30380D0A3130342E30380D0A3130342E30380D0A3130342E30380D0A3130342E30380D
01-07-2020 13:57:35.403,1628,RECV,0A3130342E30380D0A3130352E34390D0A3130352E34390D0A3130352E34390D0A3130352E34390D0A3130352E34
