01-07-2020 13:59:07.039,-,AT," ,0013A20040F7BEFB,XBEE 802.15.4,10EF,COM3 - 9600/8/N/1/N,1,23"

01-07-2020 13:58:57.414,160,RECV,2E34350D0A372E34350D0A372E35390D0A372E35390D0A372E35390D0A372E35390D0A372E35390D0A382E32320D
01-07-2020 13:58:57.544,161,RECV,0A382E32320D0A382E32320D0A382E32320D0A382E32320D0A382E32320D0A382E32320D0A382E32320D0A382E32
01-07-2020 13:58:57.544,162,RECV,320D0A382E32320D0A382E32320D0A382E32320D0A382E32320D0A382E32320D0A382E32320D0A382E32320D0A382E
01-07-2020 13:58:57.566,163,RECV,32320D0A382E32320D0A382E32320D0A382E32320D0A382E32320D0A382E32320D0A382E32320D0A382E32320D0A
01-07-2020 13:58:57.616,164,RECV,382E32320D0A31392E33350D0A31392E33350D0A31392E33350D0A31392E33350D0A31392E33350D0A32312E36340D0A32312E36340D0A32312E36340D
01-07-2020 13:58:57.719,165,RECV,0A32312E36340D0A32332E31370D0A32332E31370D0A32332E31370D0A32332E31370D0A32332E39340D0A32332E
01-07-2020 13:58:57.719,166,RECV,39340D0A32332E39340D0A32332E39340D0A32332E39340D0A32342E37310D0A32342E37310D0A32342E37310D0A
01-07-2020 13:58:57.769,167,RECV,32342E37310D0A32342E34330D0A32342E34330D0A32342E34330D0A32342E34330D0A32352E34330D0A32352E3433
01-07-2020 13:58:57.855,168,RECV,0D0A32352E34330D0A32352E34330D0A32352E34330D0A32352E34330D0A32352E34330D0A32352E34330D0A3235
01-07-2020 13:58:57.870,169,RECV,2E34330D0A32382E34350D0A32382E34350D0A32382E34350D0A32382E34350D0A33302E37380D0A33302E37380D
01-07-2020 13:58:57.920,170,RECV,0A33302E37380D0A33302E37380D0A33302E37380D0A33302E37380D0A33302E37380D0A33302E37380D0A33302E37380D0A33352E32340D0A33352E32
01-07-2020 13:58:58.027,171,RECV,340D0A33352E32340D0A33352E32340D0A33352E39330D0A33352E39330D0A33352E39330D0A33352E39330D0A33
01-07-2020 13:58:58.027,172,RECV,352E39330D0A33352E39330D0A33352E39330D0A33352E39330D0A33352E39330D0A33372E31370D0A33372E31370D
01-07-2020 13:58:58.072,173,RECV,0A33372E31370D0A33372E31370D0A33372E32330D0A33372E32330D0A33372E32330D0A33372E32330D0A33372E
01-07-2020 13:58:58.166,174,RECV,32330D0A33372E32330D0A33372E32330D0A33372E32330D0A33372E32330D0A33392E33380D0A33392E33380D0A
01-07-2020 13:58:58.174,175,RECV,33392E33380D0A33392E33380D0A34302E36310D0A34302E36310D0A34302E36310D0A34302E36310D0A34302E36
01-07-2020 13:58:58.225,176,RECV,310D0A34302E36310D0A34302E36310D0A34302E36310D0A34302E36310D0A34322E33350D0A34322E33350D0A34322E33350D0A34322E33350D0A3431
01-07-2020 13:58:58.363,177,RECV,2E38370D0A34312E38370D0A34312E38370D0A34312E38370D0A34312E38370D0A34312E38370D0A34312E38370D0A
01-07-2020 13:58:58.363,178,RECV,34312E38370D0A34312E38370D0A34312E30380D0A34312E30380D0A34312E30380D0A34312E30380D0A34302E34
01-07-2020 13:58:58.377,179,RECV,380D0A34302E34380D0A34302E34380D0A34302E34380D0A34302E34380D0A34302E34380D0A34302E34380D0A34
01-07-2020 13:58:58.427,180,RECV,302E34380D0A34302E34380D0A34302E36310D0A34302E36310D0A34302E36310D0A34302E36310D0A34302E3631
01-07-2020 13:58:58.517,181,RECV,0D0A34302E36310D0A34302E36310D0A34302E36310D0A34302E36310D0A34302E36310D0A34302E36310D0A3430
01-07-2020 13:58:58.528,182,RECV,2E36310D0A34302E36310D0A34332E31360D0A34332E31360D0A34332E31360D0A34332E31360D0A34332E31360D0A34332E31360D0A34332E31360D0A34
01-07-2020 13:58:58.579,183,RECV,332E31360D0A34332E31360D0A34332E31360D0A34332E31360D0A34332E31360D0A34332E31360D0A34312E3234
01-07-2020 13:58:58.696,184,RECV,0D0A34312E32340D0A34312E32340D0A34312E32340D0A34312E32340D0A34312E32340D0A34312E32340D0A3431
01-07-2020 13:58:58.696,185,RECV,2E32340D0A34312E38370D0A34322E31370D0A34322E31370D0A34322E31370D0A34322E31370D0A34332E38380D
01-07-2020 13:58:58.731,186,RECV,0A34332E38380D0A34332E38380D0A34332E38380D0A34332E38380D0A34332E38380D0A34332E38380D0A34332E
01-07-2020 13:58:58.782,187,RECV,38380D0A34332E37330D0A34352E36350D0A34352E36350D0A34352E36350D0A34352E36350D0A34362E36330D0A
01-07-2020 13:58:58.838,188,RECV,34362E36330D0A34362E36330D0A34362E36330D0A34362E36330D0A34362E36330D0A34362E36330D0A34362E36330D0A34362E37360D0A34352E37390D
01-07-2020 13:58:58.885,189,RECV,0A34352E37390D0A34352E37390D0A34352E37390D0A34342E38320D0A34342E38320D0A34342E38320D0A34342E
01-07-2020 13:58:58.972,190,RECV,38320D0A34342E38320D0A34342E38320D0A34342E38320D0A34342E38320D0A34342E38320D0A34332E38380D0A
01-07-2020 13:58:58.984,191,RECV,34332E38380D0A34332E38380D0A34332E38380D0A34342E33330D0A34342E33330D0A34342E33330D0A34342E33
01-07-2020 13:58:59.035,192,RECV,330D0A34342E33330D0A34342E33330D0A34342E33330D0A34342E33330D0A34342E33330D0A34352E39320D0A34
01-07-2020 13:58:59.148,193,RECV,352E39320D0A34352E39320D0A34352E39320D0A34362E35300D0A34362E35300D0A34362E35300D0A34362E3530
01-07-2020 13:58:59.148,194,RECV,0D0A34362E35300D0A34362E35300D0A34362E35300D0A34362E35300D0A34352E36350D0A34352E36350D0A34352E36350D0A34352E36350D0A34352E36
01-07-2020 13:58:59.187,195,RECV,350D0A34352E34360D0A34352E34360D0A34352E34360D0A34352E34360D0A34352E34360D0A34352E34360D0A34
01-07-2020 13:58:59.237,196,RECV,352E34360D0A34352E34360D0A34332E37310D0A34332E37310D0A34332E37310D0A34332E37310D0A34332E3731
01-07-2020 13:58:59.290,197,RECV,0D0A34342E36350D0A34342E36350D0A34342E36350D0A34342E36350D0A34342E36350D0A34342E36350D0A3434
01-07-2020 13:58:59.338,198,RECV,2E36350D0A34342E36350D0A34352E34360D0A34352E34360D0A34352E34360D0A34352E34360D0A34352E34360D
01-07-2020 13:58:59.439,199,RECV,0A34362E33300D0A34362E33300D0A34362E33300D0A34362E33300D0A34362E33300D0A34362E33300D0A34362E
01-07-2020 13:58:59.439,200,RECV,33300D0A34362E33300D0A34352E39380D0A34352E39380D0A34352E39380D0A34352E39380D0A34352E39380D0A34
01-07-2020 13:58:59.489,201,RECV,352E30300D0A34352E30300D0A34352E30300D0A34352E30300D0A34352E30300D0A34352E30300D0A34352E30300D0A34352E30300D0A34342E30320D
01-07-2020 13:58:59.575,202,RECV,0A34342E30320D0A34342E30320D0A34342E30320D0A34342E30320D0A34342E30320D0A34342E30320D0A34342E
01-07-2020 13:58:59.590,203,RECV,30320D0A34342E30320D0A34342E30320D0A34342E30320D0A34342E30320D0A34342E30320D0A34352E34320D0A
01-07-2020 13:58:59.641,204,RECV,34352E34320D0A34352E34320D0A34352E34320D0A34352E34320D0A34362E32340D0A34362E32340D0A34362E32
01-07-2020 13:58:59.711,205,RECV,340D0A34362E32340D0A34362E32340D0A34362E32340D0A34362E32340D0A34362E32340D0A34362E34340D0A3436
01-07-2020 13:58:59.742,206,RECV,2E34340D0A34362E34340D0A34362E34340D0A34362E34340D0A34352E30300D0A34352E30300D0A34352E30300D
01-07-2020 13:58:59.792,207,RECV,0A34352E30300D0A34352E30300D0A34352E30300D0A34352E30300D0A34352E30300D0A34342E31360D0A34342E31360D0A34342E31360D0A34342E31
01-07-2020 13:58:59.856,208,RECV,360D0A34342E31360D0A34342E31390D0A34342E31390D0A34342E31390D0A34342E31390D0A34342E39360D0A34
01-07-2020 13:58:59.893,209,RECV,342E39360D0A34342E39360D0A34342E39360D0A34352E31340D0A34352E31340D0A34352E31340D0A34352E3134
01-07-2020 13:58:59.943,210,RECV,0D0A34352E31340D0A34362E31310D0A34362E31310D0A34362E31310D0A34362E31310D0A34362E38330D0A34362E
01-07-2020 13:59:00.027,211,RECV,38330D0A34362E38330D0A34362E38330D0A34362E33300D0A34362E33300D0A34362E33300D0A34362E33300D0A
01-07-2020 13:59:00.045,212,RECV,34362E33300D0A34352E33330D0A34352E33330D0A34352E33330D0A34352E33330D0A34342E36380D0A34342E36
01-07-2020 13:59:00.096,213,RECV,380D0A34342E36380D0A34342E36380D0A34342E33330D0A34342E33330D0A34342E33330D0A34342E33330D0A34342E33330D0A34342E33330D0A3434
01-07-2020 13:59:00.164,214,RECV,2E33330D0A34342E33330D0A34342E33330D0A34342E31390D0A34342E31390D0A34342E31390D0A34342E31390D
01-07-2020 13:59:00.197,215,RECV,0A34352E32380D0A34352E32380D0A34352E32380D0A34352E32380D0A34352E32380D0A34352E32380D0A34352E32
01-07-2020 13:59:00.248,216,RECV,380D0A34352E32380D0A34352E32380D0A34362E36330D0A34362E36330D0A34362E36330D0A34362E36330D0A34
01-07-2020 13:59:00.327,217,RECV,352E39380D0A34352E39380D0A34352E39380D0A34352E39380D0A34352E39380D0A34352E39380D0A34352E3938
01-07-2020 13:59:00.350,218,RECV,0D0A34352E39380D0A34352E39380D0A34342E38360D0A34342E38360D0A34342E38360D0A34342E38360D0A3434
01-07-2020 13:59:00.401,219,RECV,2E31390D0A34342E31390D0A34342E31390D0A34342E31390D0A34342E31390D0A34342E31390D0A34342E31390D0A34342E31390D0A34342E31390D0A
01-07-2020 13:59:00.471,220,RECV,34342E31390D0A34342E31390D0A34342E31390D0A34342E31390D0A34352E36300D0A34352E36300D0A34352E3630
01-07-2020 13:59:00.502,221,RECV,0D0A34352E36300D0A34352E36300D0A34352E36300D0A34352E36300D0A34352E36300D0A34352E36300D
01-07-2020 13:59:00.553,222,RECV,0A34362E32340D0A34362E32340D0A34362E32340D0A34362E32340D0A34362E34340D0A34362E34340D0A34
01-07-2020 13:59:00.633,223,RECV,362E34340D0A34362E34340D0A34362E34340D0A34362E34340D0A34362E34340D0A34362E34340D0A34362E3434
01-07-2020 13:59:00.654,224,RECV,0D0A34352E30300D0A34352E30300D0A34352E30300D0A34352E30300D0A34342E35310D0A34342E35310D0A34342E
01-07-2020 13:59:00.705,225,RECV,35310D0A34342E35310D0A34342E35310D0A34342E35310D0A34342E35310D0A34342E35310D0A34342E35310D0A34342E33330D0A34342E33330D0A34
01-07-2020 13:59:00.775,226,RECV,342E33330D0A34342E33330D0A34352E32380D0A34352E32380D0A34352E32380D0A34352E32380D0A34352E3238
01-07-2020 13:59:00.806,227,RECV,0D0A34352E32380D0A34352E32380D0A34352E32380D0A34352E32380D0A34362E33300D0A34362E33300D0A3436
01-07-2020 13:59:00.856,228,RECV,2E33300D0A34362E33300D0A34362E33300D0A34362E33300D0A34362E33300D0A34362E33300D0A34362E33300D0A
01-07-2020 13:59:00.917,229,RECV,34362E33300D0A34362E33300D0A34362E33300D0A34362E33300D0A34352E37390D0A34352E37390D0A34352E37
01-07-2020 13:59:00.957,230,RECV,390D0A34352E37390D0A34352E37390D0A34352E37390D0A34352E37390D0A34352E37390D0A34362E30350D0A34
01-07-2020 13:59:01.113,231,RECV,342E31360D0A34342E31360D0A34342E31360D0A34342E31360D0A34342E31360D0A34342E31360D0A34342E31360D0A34342E31360D0A34342E31360D
01-07-2020 13:59:01.114,232,RECV,0A34342E31360D0A34342E31360D0A34342E31360D0A34332E38380D0A34352E31340D0A34352E31340D0A34352E
01-07-2020 13:59:01.114,233,RECV,31340D0A34352E31340D0A34352E36350D0A34352E36350D0A34352E36350D0A34352E36350D0A34352E36350D0A34
01-07-2020 13:59:01.161,234,RECV,352E36350D0A34352E36350D0A34352E36350D0A34352E36350D0A34352E36350D0A34352E36350D0A34352E3635
01-07-2020 13:59:01.287,235,RECV,0D0A34352E36350D0A34352E30300D0A34352E30300D0A34352E30300D0A34352E30300D0A34352E30300D0A3435
01-07-2020 13:59:01.287,236,RECV,2E30300D0A34352E30300D0A34352E30300D0A34352E32380D0A34342E30320D0A34342E30320D0A34342E30320D
01-07-2020 13:59:01.311,237,RECV,0A34342E30320D0A34332E35360D0A34332E35360D0A34332E35360D0A34332E35360D0A34332E35360D0A34332E
01-07-2020 13:59:01.362,238,RECV,35360D0A34332E35360D0A34332E35360D0A34332E35360D0A34342E38320D0A34342E38320D0A34342E38320D0A34342E38320D0A34352E39380D0A3435
01-07-2020 13:59:01.432,239,RECV,2E39380D0A34352E39380D0A34352E39380D0A34352E39380D0A34352E39380D0A34352E39380D0A34352E39380D
