02-02-2020 15:50:57.782,-,AT," ,0013A20040F7BEFB,XBEE 802.15.4, 347.00  347.00  347.00  347.00  347.00  347.00  347.00  347.00  347.00  347.00  347.68  347.68  347.68  347.68  347.00  347.00  347.00  347.00  347.88  347.88  347.88  347.88  347.00  347.00  347.00  347.00  347.78  347.78  347.78  347.78  347.68  347.68  347.68  347.68  348.18  348.18  348.18  348.18  347.09  347.09  347.09  347.09  347.68  347.68  347.68  347.68  347.78  347.78  347.78  347.78,COM4 - 9600/8/N/1/N,1"

02-02-2020 15:51:03.318,4239,RECV,30320D0A3131382E30320D0A3131382E30320D0A3131382E30320D0A3131362E33370D0A3131362E33370D0A3131362E33370D
02-02-2020 15:51:03.381,4240,RECV,0A3131362E33370D0A3131342E31370D0A3131342E31370D0A3131342E31370D0A3131342E31370D0A3131312E39350D0A
02-02-2020 15:51:03.568,4241,RECV,313030
02-02-2020 15:51:03.631,4242,RECV,2E36360D0A3130302E36360D0A3130302E36360D0A3130302E36360D0A3130302E36360D0A3130302E36360D0A3130302E36360D0A3130302E36360D0A
02-02-2020 15:51:03.693,4243,RECV,3130302E36360D0A3130302E36360D0A3130302E36360D0A3130302E36360D0A3130302E
02-02-2020 15:51:03.881,4244,RECV,38322E30310D0A38322E30310D0A3832
02-02-2020 15:51:03.943,4245,RECV,2E30310D0A38322E30310D0A38312E37330D0A38312E37330D0A38312E37330D0A38312E37330D0A38312E37330D
02-02-2020 15:51:04.021,4246,RECV,0A38312E30360D0A38312E30360D0A38312E30360D0A38312E30360D0A38312E31350D0A3831
02-02-2020 15:51:06.789,4247,RECV,34352E3532
02-02-2020 15:51:06.852,4248,RECV,0D0A34352E35320D0A34352E35320D0A34352E35320D0A34352E35320D0A34352E35320D0A34352E35320D0A34352E35320D0A34362E39320D0A34362E39
02-02-2020 15:51:06.929,4249,RECV,320D0A34362E39320D0A34362E39320D0A34372E30330D0A34372E30330D0A3437
02-02-2020 15:51:07.039,4250,RECV,320D0A34342E39320D0A34352E32370D0A34352E32370D0A34352E32370D0A34352E32370D0A34352E32370D0A34
02-02-2020 15:51:07.101,4251,RECV,342E32340D0A34342E32340D0A34342E32340D0A34342E32340D0A34342E33360D0A34342E36320D0A34342E36320D0A34342E36320D
02-02-2020 15:51:07.226,4252,RECV,332E39380D0A34332E39
02-02-2020 15:51:07.289,4253,RECV,380D0A34332E39380D0A34332E39380D0A34332E39380D0A34332E39380D0A34332E39380D0A34332E39380D0A34332E39380D0A34332E39380D0A3431
02-02-2020 15:51:07.367,4254,RECV,2E35340D0A34312E35340D0A34312E35340D0A34312E35340D0A34312E35340D0A34312E35340D0A34312E35340D0A34312E35340D0A34312E35340D0A33
02-02-2020 15:51:07.414,4255,RECV,392E39320D0A33392E39320D0A33392E39320D0A33392E39320D0A33392E30350D0A33392E30350D0A33392E30350D0A33392E30350D0A33392E30350D
02-02-2020 15:51:07.476,4256,RECV,0A33382E3238
02-02-2020 15:51:07.664,4257,RECV,2E39370D0A33382E39370D0A33382E39370D0A33382E39370D0A33382E39370D0A3338
02-02-2020 15:51:07.726,4258,RECV,2E39370D0A33382E39370D0A33382E39370D0A33382E39370D0A33382E39370D0A33382E39370D0A33382E39370D0A33382E39370D0A33382E39370D0A
02-02-2020 15:51:07.804,4259,RECV,33382E39370D0A33382E39370D0A33382E39370D0A33382E39370D0A33382E39370D0A33382E39370D0A33382E39370D0A34352E33380D0A34352E33380D
02-02-2020 15:51:07.851,4260,RECV,0A34352E33380D0A34352E33380D0A34372E35340D0A34372E35340D0A34372E35340D0A34372E35340D0A34372E35340D0A34312E35310D0A34312E35
02-02-2020 15:51:07.913,4261,RECV,310D0A34312E35310D0A34312E35310D0A34392E30320D0A34392E30320D0A34392E30320D0A34392E30320D0A3439
02-02-2020 15:51:07.976,4262,RECV,2E30320D0A34392E39310D0A34392E39310D0A34392E39310D0A34392E39310D0A35
02-02-2020 15:51:08.101,4263,RECV,31390D0A35312E31390D0A35312E31390D0A35312E31390D0A35312E31390D0A35312E31390D0A35312E31390D0A35312E31390D0A35312E31390D0A35
02-02-2020 15:51:08.164,4264,RECV,312E31390D0A35312E31390D0A35312E31390D0A35312E31390D0A35312E31390D0A35312E31390D0A35312E31390D0A35312E
02-02-2020 15:51:08.257,4265,RECV,31390D0A35312E31390D0A35312E31390D0A35312E31390D0A35312E31390D0A35312E31390D0A35312E31390D0A35312E31390D0A35312E31390D0A35
02-02-2020 15:51:08.288,4266,RECV,312E31390D0A35312E31390D0A35312E31390D0A35312E31390D0A
02-02-2020 15:51:08.476,4267,RECV,340D0A33382E38340D0A33362E38320D0A33362E38320D0A33
02-02-2020 15:51:08.538,4268,RECV,362E38320D0A33362E38320D0A33362E36370D0A33362E34330D0A33362E34330D0A33362E34330D0A33362E3433
02-02-2020 15:51:08.601,4269,RECV,0D0A33362E30340D0A33362E30340D0A33362E30340D0A33362E30340D0A33362E30340D0A33362E30340D0A33362E30340D0A33362E30340D0A33362E30
02-02-2020 15:51:08.664,4270,RECV,340D0A33362E30340D0A33362E30340D0A33362E30340D0A33362E30340D0A33362E30340D0A33362E30340D0A33362E30340D0A33362E30340D0A3336
02-02-2020 15:51:08.741,4271,RECV,2E30340D0A33362E30340D0A33362E30340D0A33362E30340D0A33362E30340D0A33362E30340D0A33322E38380D0A33322E38380D0A3332
02-02-2020 15:51:08.789,4272,RECV,2E38380D0A33322E38380D0A33322E38380D0A33322E38380D0A33322E38380D0A33322E38380D0A33322E38380D0A33322E
02-02-2020 15:51:09.914,4273,RECV,350D0A3334
02-02-2020 15:51:09.964,4274,RECV,2E31310D0A33342E31310D0A33342E31310D0A33342E31310D0A33342E31310D0A33312E39350D0A33312E39350D
02-02-2020 15:51:10.031,4275,RECV,0A33312E39350D0A33312E39350D0A
02-02-2020 15:51:10.031,4276,RECV,33312E39350D0A32382E36390D0A32382E36390D0A32382E36390D0A32382E36390D0A33
02-02-2020 15:51:10.079,4277,RECV,302E38380D0A33302E38380D0A33302E38380D0A33302E38380D0A33302E38380D0A33302E38380D0A33302E38380D0A33302E38380D0A33302E38380D
02-02-2020 15:51:10.141,4278,RECV,0A33302E38380D0A33302E38380D0A33302E38380D0A33302E38380D0A33302E38380D0A33302E38380D0A33302E38380D0A33302E38380D0A33302E3838
02-02-2020 15:51:10.204,4279,RECV,0D0A33302E38380D0A33302E38380D0A33302E38380D0A33302E38380D0A33302E38380D0A33322E38330D0A3332
02-02-2020 15:51:10.266,4280,RECV,2E38330D0A33322E38330D0A33322E38330D0A33322E38330D0A33322E38330D0A33322E38330D0A33322E38330D0A33322E38330D0A3332
02-02-2020 15:51:10.328,4281,RECV,2E38390D0A33322E38390D0A33322E38390D0A33322E38390D0A33332E30350D0A33332E30350D0A33332E30350D0A33332E30350D0A33332E30350D0A33
02-02-2020 15:51:10.391,4282,RECV,332E32370D0A33332E32370D0A33332E32370D0A33332E32370D0A33342E30320D0A33342E30320D0A33342E30320D0A33342E30320D0A33342E30320D
02-02-2020 15:51:10.469,4283,RECV,0A33342E30320D0A33342E30320D0A33342E30320D0A33342E30320D0A33352E32330D0A33352E32330D0A33352E32330D0A33352E32330D0A33352E3233
02-02-2020 15:51:10.516,4284,RECV,0D0A33352E33380D0A33352E33380D0A33352E33380D0A33352E33380D0A33352E33380D0A33362E30360D0A33362E30360D0A33362E30360D0A33362E
02-02-2020 15:51:10.609,4285,RECV,30360D0A33372E33330D0A33372E33330D0A33372E33330D0A33372E33330D0A33372E33330D0A33372E33330D0A33372E33330D0A33372E33330D0A3337
02-02-2020 15:51:10.641,4286,RECV,2E33330D0A33372E33330D0A33372E33330D0A33372E33330D0A33372E33330D0A33372E33330D0A33372E33330D0A33372E33330D0A33372E33330D0A
02-02-2020 15:51:10.703,4287,RECV,33372E33330D0A33372E33330D0A33372E33330D0A33372E33330D0A33372E33330D0A33372E33330D0A33382E36370D0A33382E36370D0A33382E36370D
02-02-2020 15:51:10.766,4288,RECV,0A33382E36370D0A33382E36370D0A33382E36370D0A33382E36370D0A33382E36370D0A33382E36370D0A33382E36370D0A33382E36370D0A33382E36
02-02-2020 15:51:10.828,4289,RECV,370D0A33382E36370D0A33382E34340D0A33382E34340D0A33382E34340D0A33382E34340D0A33382E34340D0A33
02-02-2020 15:51:10.906,4290,RECV,382E34340D0A33382E34340D0A33382E34340D0A33382E34340D0A33382E30370D0A33382E30370D0A33382E30370D0A33382E30370D0A33382E30370D0A
02-02-2020 15:51:10.955,4291,RECV,33382E31360D0A33382E31360D0A33382E31360D0A33382E31360D0A33372E36350D0A33372E36350D0A33372E36350D0A33372E36350D0A33372E3635
02-02-2020 15:51:11.048,4292,RECV,0D0A33372E37340D0A33372E37340D0A33372E37340D0A33372E37340D0A33372E38380D0A33342E31350D0A33342E31350D0A33342E31350D0A33342E31
02-02-2020 15:51:11.080,4293,RECV,350D0A33352E31330D0A33352E31330D0A33352E31330D0A33352E31330D0A33352E31330D0A33352E31330D0A33352E31330D0A33352E31330D0A3335
02-02-2020 15:51:11.142,4294,RECV,2E31330D0A33352E31330D0A33352E31330D0A33352E31330D0A33352E31330D0A33352E31330D0A33352E31330D0A33352E31330D0A33352E31330D0A33
02-02-2020 15:51:11.205,4295,RECV,352E31330D0A33352E31330D0A33352E31330D0A33352E31330D0A
02-02-2020 15:51:11.330,4296,RECV,2E32370D0A33312E38300D0A33312E38300D0A33312E38300D0A33312E38300D0A33312E38300D0A33302E35390D0A33302E35390D0A33302E35
02-02-2020 15:51:11.392,4297,RECV,390D0A33302E35390D0A33302E33360D0A33302E33360D0A33302E33360D0A33302E33360D0A33302E33360D0A32392E37330D0A32392E37330D0A3239
02-02-2020 15:51:11.486,4298,RECV,2E37330D0A32392E37330D0A32392E35350D0A32382E38380D0A32382E38380D0A32382E38380D0A32382E38380D0A32382E36370D0A32382E36370D0A32
02-02-2020 15:51:11.517,4299,RECV,382E36370D0A32382E36370D0A32382E36370D
02-02-2020 15:51:11.642,4300,RECV,382E36370D0A32382E36370D0A32382E36370D0A32382E36370D0A33302E39360D0A33302E39360D0A33302E39360D0A33302E39360D0A
02-02-2020 15:51:11.705,4301,RECV,33302E39360D0A33302E39360D0A33302E39360D0A33302E39360D0A33302E39360D0A33322E38320D0A33322E38320D0A33322E38320D0A33322E38320D
02-02-2020 15:51:11.783,4302,RECV,0A33342E37370D0A33342E37370D0A33342E37370D0A33342E37370D0A33342E37370D0A33352E33390D0A33352E33390D0A33352E33390D0A33352E33
02-02-2020 15:51:11.830,4303,RECV,390D0A33362E33340D0A33362E33340D0A33362E33340D0A33362E33340D0A33362E33340D0A33372E30330D0A33372E30330D0A33372E30330D0A33372E
02-02-2020 15:51:11.889,4304,RECV,30330D0A33372E35310D0A33372E35310D0A33372E35310D0A33372E35310D0A33372E35310D0A33372E36300D0A33372E36300D0A33372E36300D0A33
02-02-2020 15:51:11.952,4305,RECV,372E36300D0A33372E37350D0A33372E37350D0A33372E37350D0A33372E37350D0A33372E37350D0A33372E33360D0A33372E33360D0A33372E33360D0A
02-02-2020 15:51:12.014,4306,RECV,33372E33360D0A33372E33360D0A33372E33360D0A33372E33360D0A33372E33360D0A33372E33360D0A33372E33360D0A33372E33360D0A33372E3336
02-02-2020 15:51:12.077,4307,RECV,0D0A33372E33360D0A33372E33360D0A33372E33360D0A33372E33360D0A33372E33360D0A33372E33360D0A3337
02-02-2020 15:51:12.139,4308,RECV,2E33360D0A33372E33360D0A33372E33360D0A33372E33360D0A33372E33360D0A32392E32340D0A32392E32340D0A32392E32340D0A32392E32340D0A32
02-02-2020 15:51:12.218,4309,RECV,392E32340D0A32392E32340D0A32392E32340D0A32392E32340D0A32392E32340D0A33302E39340D0A33302E39340D0A33302E39340D0A33302E39340D
02-02-2020 15:51:12.252,4310,RECV,0A33302E31340D0A33302E31340D0A33302E31340D0A33302E31340D0A33302E31340D0A32392E31340D0A32392E31
02-02-2020 15:51:12.315,4311,RECV,340D0A32392E31340D0A32392E31340D0A32382E33330D0A32382E33330D0A32382E33330D0A32382E33330D0A32382E33330D0A32362E39310D0A3236
02-02-2020 15:51:12.377,4312,RECV,2E39310D0A32362E39310D0A32362E39310D0A32362E37320D0A32362E37320D0A32362E37320D0A32362E37320D0A32362E37320D0A32362E35320D0A32
02-02-2020 15:51:12.440,4313,RECV,362E35320D0A32362E35320D0A32362E35320D0A32362E31320D0A32362E31320D0A32362E31320D0A32362E31320D0A32362E31320D0A32362E31340D
02-02-2020 15:51:12.518,4314,RECV,0A32362E31340D0A32362E31340D0A32362E31340D0A32362E31340D0A32362E31340D0A32362E31340D0A32362E31340D0A32362E31340D0A32362E3134
02-02-2020 15:51:12.565,4315,RECV,0D0A32362E31340D0A32362E31340D0A32362E31340D0A32362E31340D0A32362E31340D0A32362E31340D0A32362E31340D0A32362E31340D0A32362E
02-02-2020 15:51:12.658,4316,RECV,31340D0A32362E31340D0A32362E31340D0A32362E31340D0A32362E31340D0A32352E35350D0A32352E35350D0A32352E35350D0A32352E35350D0A3235
02-02-2020 15:51:12.690,4317,RECV,2E35350D0A32352E35350D0A32352E35350D0A32352E35350D0A32352E35350D0A32372E37300D0A32372E37300D0A32372E37300D0A32372E37300D0A
02-02-2020 15:51:12.752,4318,RECV,32342E31390D0A32342E31390D0A32342E31390D0A32342E31390D0A32342E31390D0A32372E32320D0A32372E32320D0A32372E32320D0A32372E32320D
02-02-2020 15:51:12.815,4319,RECV,0A32362E37370D0A32362E37370D0A32362E37370D0A32362E37370D0A32362E37370D0A32362E37350D0A32362E37350D0A32362E37350D0A32362E37
02-02-2020 15:51:12.877,4320,RECV,350D0A32362E39340D0A32362E39340D0A32362E39340D0A32362E39340D0A32362E39340D0A32362E37310D0A3236
02-02-2020 15:51:12.971,4321,RECV,2E37310D0A32362E37310D0A32362E37310D0A32372E32350D0A32372E32350D0A32372E32350D0A32372E32350D0A32372E32350D0A32372E36330D0A
02-02-2020 15:51:13.002,4322,RECV,32372E36330D0A32372E36330D0A32372E36330D0A32372E36330D0A32372E36330D0A32372E36330D0A32372E36330D0A32372E36330D0A32372E36330D
02-02-2020 15:51:13.065,4323,RECV,0A32372E36330D0A32372E36330D0A32372E36330D0A32372E36330D0A32372E36330D0A32372E36330D0A32372E36330D0A32372E36330D0A32372E36
02-02-2020 15:51:13.127,4324,RECV,330D0A32372E36330D0A32372E36330D0A32372E36330D0A32372E36330D0A33332E35360D0A33332E35360D0A33332E35360D0A33332E35360D0A33332E
02-02-2020 15:51:13.190,4325,RECV,35360D0A33332E35360D0A33332E35360D0A33332E35360D0A33332E35360D0A33362E31370D0A33362E31370D0A33362E31370D0A33362E31370D0A33
02-02-2020 15:51:13.283,4326,RECV,382E37370D0A33382E37370D0A33382E37370D0A33382E37370D0A33382E37370D0A33392E31320D0A33392E31320D0A33392E31320D0A33392E31320D0A
02-02-2020 15:51:13.315,4327,RECV,34302E35310D0A34302E35310D0A34302E35310D0A34302E35310D0A34302E35310D0A34312E34300D0A34312E34300D0A34312E34300D0A34312E3430
02-02-2020 15:51:13.377,4328,RECV,0D0A34322E31380D0A34322E31380D0A34322E31380D0A34322E31380D0A34322E31380D0A34322E30350D0A34322E30350D0A34322E30350D0A34322E30
02-02-2020 15:51:13.439,4329,RECV,350D0A34312E37390D0A34322E38360D0A34322E38360D0A34322E38360D0A34322E38360D0A34322E30350D0A34322E30350D0A34322E30350D0A3432
02-02-2020 15:51:13.502,4330,RECV,2E30350D0A34322E30350D0A34322E30350D0A34322E30350D0A34322E30350D0A34322E30350D0A34322E30350D0A34322E30350D0A34322E30350D0A34
02-02-2020 15:51:13.596,4331,RECV,322E30350D0A34322E30350D0A34322E30350D0A34322E30350D0A34322E30350D0A34322E30350D0A34322E3035
02-02-2020 15:51:13.627,4332,RECV,0D0A34322E30350D0A34322E30350D0A34322E30350D0A34322E30350D0A33392E32340D0A33392E32340D0A33392E32340D0A33392E32340D0A33362E
02-02-2020 15:51:13.689,4333,RECV,39310D0A33362E39310D0A33362E39310D0A33362E39310D0A33362E39310D0A33352E33360D0A33352E33360D0A33352E33360D0A33352E33360D0A3334
02-02-2020 15:51:13.752,4334,RECV,2E36370D0A33342E36370D0A33342E36370D0A33342E36370D0A33342E36370D0A33332E31320D0A33332E31320D0A33332E31320D0A33332E31320D0A
02-02-2020 15:51:13.814,4335,RECV,33332E31390D0A33332E31390D0A33332E31390D0A33332E31390D0A33332E31390D0A33322E33380D0A33322E33380D0A33322E33380D0A33322E33380D
02-02-2020 15:51:13.892,4336,RECV,0A33322E38320D0A33322E38320D0A33322E38320D0A33322E38320D0A33322E38320D0A33322E35320D0A33322E35320D0A33322E35320D
02-02-2020 15:51:13.940,4337,RECV,0A33322E35320D0A33322E37310D0A33332E34390D0A33332E34390D0A33332E34390D0A33332E34390D0A33332E34390D0A33332E34390D0A33332E3439
02-02-2020 15:51:14.002,4338,RECV,0D0A33332E34390D0A33332E34390D0A33332E34390D0A33332E34390D0A33332E34390D0A33332E34390D0A33332E34390D0A33332E34390D0A33332E
02-02-2020 15:51:14.065,4339,RECV,34390D0A33332E34390D0A33332E34390D0A33382E35330D0A33382E35330D0A33382E35330D0A33382E35330D0A33382E35330D0A33382E35330D0A3338
02-02-2020 15:51:14.127,4340,RECV,2E35330D0A33382E35330D0A33382E35330D0A34312E37330D0A34312E37330D0A34312E37330D0A34312E37330D0A34332E37350D0A34332E37350D0A
02-02-2020 15:51:14.205,4341,RECV,34332E37350D0A34332E37350D0A34332E37350D0A34342E32300D0A34342E32300D0A34342E32300D0A34342E32
02-02-2020 15:51:14.252,4342,RECV,300D0A34312E34370D0A34312E34370D0A34312E34370D0A34312E34370D0A34312E34370D0A33392E35300D0A33392E35300D0A33392E35300D0A33392E
02-02-2020 15:51:14.345,4343,RECV,35300D0A34352E34370D0A34352E34370D0A34352E34370D0A34352E34370D0A34352E34370D0A34352E33320D0A34352E33320D0A34352E33320D0A34
02-02-2020 15:51:14.377,4344,RECV,352E33320D0A34352E30310D0A34352E33370D0A34352E33370D0A34352E33370D0A34352E33370D0A34342E38350D0A34342E38350D0A34342E38350D0A
02-02-2020 15:51:14.439,4345,RECV,34342E38350D0A34342E38350D0A34342E38350D0A34342E38350D0A34342E38350D0A34342E38350D0A34342E38350D0A34342E38350D0A34342E38350D
02-02-2020 15:51:14.502,4346,RECV,0A34342E38350D0A34342E38350D0A34342E38350D0A34342E38350D0A34342E38350D0A34342E38350D0A34342E38350D0A34342E38350D0A34342E38
02-02-2020 15:51:14.564,4347,RECV,350D0A34342E38350D0A34342E38350D0A34312E37310D0A34312E37310D0A34312E37310D0A34312E37310D0A34312E37310D0A34312E37310D0A34312E
02-02-2020 15:51:14.658,4348,RECV,37310D0A34312E37310D0A34312E37310D0A34312E33390D0A34312E33390D0A34312E33390D0A34312E33390D0A34302E37360D0A34302E37360D0A34
02-02-2020 15:51:14.689,4349,RECV,302E37360D0A34302E37360D0A34302E37360D0A34312E31340D0A34312E31340D0A34312E31340D0A34312E31340D0A34302E36350D0A34302E36350D0A
02-02-2020 15:51:14.752,4350,RECV,34302E36350D0A34302E36350D0A34302E36350D0A33392E36300D0A33392E36300D0A33392E36300D0A33392E36300D0A33392E36360D0A33392E3636
02-02-2020 15:51:14.814,4351,RECV,0D0A33392E36360D0A33392E36360D0A33392E36360D0A33382E39390D0A33382E39390D0A33382E39390D0A3338
02-02-2020 15:51:14.877,4352,RECV,2E39390D0A33392E34370D0A33382E39310D0A33382E39310D0A33382E39310D0A33382E39310D0A33382E34310D0A33382E34310D0A33382E34310D0A33
02-02-2020 15:51:14.939,4353,RECV,382E34310D0A33382E34310D0A33382E34310D0A33382E34310D0A33382E34310D0A33382E34310D0A33382E34310D0A33382E34310D0A33382E34310D
02-02-2020 15:51:15.002,4354,RECV,0A33382E34310D0A33382E34310D0A33382E34310D0A33382E34310D0A33382E34310D0A33382E34310D0A33382E34310D0A33382E34310D0A33382E3431
02-02-2020 15:51:15.095,4355,RECV,0D0A33382E34310D0A33382E34310D0A33392E37370D0A33392E37370D0A33392E37370D0A33392E37370D0A34302E37300D0A34302E37300D0A34302E
02-02-2020 15:51:15.127,4356,RECV,37300D0A34302E37300D0A34302E37300D0A34312E32350D0A34312E32350D0A34312E32350D0A34312E32350D0A34322E31380D0A34322E31380D0A3432
02-02-2020 15:51:15.189,4357,RECV,2E31380D0A34322E31380D0A34322E31380D0A34322E38350D0A34322E38350D0A34322E38350D0A34322E38350D0A34332E38340D0A34332E38340D0A
02-02-2020 15:51:15.252,4358,RECV,34332E38340D0A34332E38340D0A34332E38340D0A34332E37360D0A34332E37360D0A34332E37360D0A34332E37360D0A34342E31350D0A34342E31350D
02-02-2020 15:51:15.314,4359,RECV,0A34342E31350D0A34342E31350D0A34342E31350D0A34342E34320D0A34342E34320D0A34342E34320D0A34342E34320D0A34342E35340D0A34302E39
02-02-2020 15:51:15.408,4360,RECV,310D0A34302E39310D0A34302E39310D0A34302E39310D0A34302E39310D0A34302E39310D0A34302E39310D0A34302E39310D0A34302E39310D0A34302E
02-02-2020 15:51:15.439,4361,RECV,39310D0A34302E39310D0A34302E39310D0A34302E39310D0A34302E39310D0A34302E39310D0A34302E39310D0A
02-02-2020 15:51:15.439,4362,RECV,34302E39310D0A34302E39310D0A3430
02-02-2020 15:51:15.501,4363,RECV,2E39310D0A34302E39310D0A34302E39310D0A34302E39310D0A34302E39310D0A34302E39310D0A34302E39310D
02-02-2020 15:51:15.564,4364,RECV,0A34302E39310D0A34302E39310D0A34302E33370D0A34302E33370D0A34302E33370D0A34302E33370D0A33392E32330D0A33392E32330D0A33392E32
02-02-2020 15:51:15.626,4365,RECV,330D0A33392E32330D0A33392E32330D0A33372E39350D0A33372E39350D0A33372E39350D0A33372E39350D0A33372E30370D0A33372E30370D0A33372E
02-02-2020 15:51:15.705,4366,RECV,30370D0A33372E30370D0A33372E30370D0A33362E36370D0A33362E36370D0A33362E36370D0A33362E36370D0A33372E31360D0A33372E31360D0A33
02-02-2020 15:51:15.751,4367,RECV,372E31360D0A33372E31360D0A33372E31360D0A33372E34310D0A33372E34310D0A33372E34310D0A33372E34310D0A33372E34310D0A33382E31350D0A
02-02-2020 15:51:15.814,4368,RECV,33382E31350D0A33382E31350D0A33382E31350D0A33392E33310D0A33392E33310D0A33392E33310D0A33392E33310D0A33392E33310D0A33392E3331
02-02-2020 15:51:15.876,4369,RECV,0D0A33392E33310D0A33392E33310D0A33392E33310D0A33392E33310D0A33392E33310D0A33392E33310D0A33392E33310D0A33392E33310D0A33392E33
02-02-2020 15:51:15.939,4370,RECV,310D0A33392E33310D0A33392E33310D0A33392E33310D0A33392E33310D0A33392E33310D0A33392E33310D0A33392E33310D0A33392E33310D0A3434
02-02-2020 15:51:16.033,4371,RECV,2E35330D0A34342E35330D0A34
02-02-2020 15:51:16.064,4372,RECV,34360D0A34362E34360D0A34362E39330D0A34362E
02-02-2020 15:51:16.126,4373,RECV,39330D0A34362E39330D0A34362E39330D0A34362E36390D0A34362E36390D0A34362E36390D0A34362E36390D0A
02-02-2020 15:51:16.189,4374,RECV,34362E36390D0A34362E36390D0A34362E36390D0A34362E36390D0A34362E3639
02-02-2020 15:51:16.314,4375,RECV,34302E34320D0A34302E34320D0A34302E34320D0A34302E34320D0A34302E34320D0A34302E34320D0A34302E3432
02-02-2020 15:51:16.376,4376,RECV,0D0A34302E34320D0A34302E34320D0A34302E34320D0A34302E34320D0A34302E34320D0A34302E34320D0A34302E34320D0A34302E34320D0A34302E
02-02-2020 15:51:16.439,4377,RECV,34320D0A34302E34320D0A34302E34320D0A34302E34320D0A34302E34320D0A34302E34320D0A34302E34320D0A34302E34320D0A34312E34380D0A3431
02-02-2020 15:51:16.501,4378,RECV,2E34380D0A34312E34380D0A34312E34380D0A34312E34380D0A34312E34380D0A34312E34380D0A34312E34380D0A34312E34380D0A34312E30360D0A
02-02-2020 15:51:16.564,4379,RECV,34312E30360D0A34312E30360D0A34312E30360D0A34302E39330D0A34302E39330D0A34302E39330D0A34302E39330D0A34302E39330D0A34302E38300D
02-02-2020 15:51:16.642,4380,RECV,0A34302E38300D0A34302E38300D0A34302E38300D0A34312E32320D0A34312E32320D0A34312E32320D0A34312E32320D0A34312E32320D0A34312E35
02-02-2020 15:51:16.689,4381,RECV,300D0A34312E35300D0A34312E35300D0A34312E35300D0A34312E33370D0A34312E33370D0A34312E33370D0A34312E33370D0A34312E33370D0A34312E
02-02-2020 15:51:16.782,4382,RECV,36350D0A34312E36350D0A34312E36350D0A34312E36350D0A34312E37380D0A34322E30350D0A34322E30350D0A
02-02-2020 15:51:16.814,4383,RECV,34322E30350D0A34322E30350D0A34322E31390D0A34322E31390D0A34322E31390D0A34322E31390D0A34322E31390D0A34322E31390D0A34322E31390D
02-02-2020 15:51:16.876,4384,RECV,0A34322E31390D0A34322E31390D0A34322E31390D0A34322E31390D0A34322E31390D0A34322E31390D0A34322E31390D0A34322E31390D0A34322E31
02-02-2020 15:51:16.939,4385,RECV,390D0A34322E31390D0A34322E3139
02-02-2020 15:51:17.001,4386,RECV,33382E36360D0A33
02-02-2020 15:51:17.095,4387,RECV,382E36360D0A33382E36360D0A33382E36360D0A33372E38340D0A33372E38340D0A33372E38340D0A33372E38340D0A33372E38340D0A33372E31340D0A
02-02-2020 15:51:17.126,4388,RECV,33372E31340D0A33372E31340D0A33372E31340D0A33352E36300D0A33352E36300D0A33352E36300D0A33352E36300D0A33352E36300D0A33342E3535
02-02-2020 15:51:17.189,4389,RECV,0D0A33342E35350D0A33342E35350D0A33342E35350D0A33342E34380D0A33342E34380D0A33342E34380D0A33342E34380D0A33342E34380D0A33332E34
02-02-2020 15:51:17.251,4390,RECV,350D0A33332E34
02-02-2020 15:51:17.439,4391,RECV,322E39360D0A33322E39360D0A33322E35390D0A33322E35390D0A3332
02-02-2020 15:51:17.501,4392,RECV,2E35390D0A33322E35390D0A33322E35390D0A33322E35390D0A33322E35390D0A33322E35390D0A33322E35390D0A33302E33390D0A33302E33390D0A
02-02-2020 15:51:17.595,4393,RECV,33302E33390D0A33302E
02-02-2020 15:51:17.626,4394,RECV,0D0A33332E32370D0A33332E3237
02-02-2020 15:51:17.688,4395,RECV,0D0A33332E32370D0A33332E32370D0A33332E30350D0A33332E30350D0A33332E30350D0A33332E30350D0A33332E30350D0A33332E32370D0A33332E
02-02-2020 15:51:17.751,4396,RECV,32370D0A33332E32370D0A33332E32370D0A33332E31310D0A33332E33330D0A33332E33330D0A33332E33330D0A33332E3333
02-02-2020 15:51:17.813,4397,RECV,0D0A33332E31370D0A33332E31370D0A33332E31370D0A33332E31370D0A33332E31370D0A33332E31370D0A33332E31370D0A33332E31370D0A33332E
02-02-2020 15:51:17.896,4398,RECV,31370D0A33332E31370D0A33332E31370D0A33332E31370D0A33332E31370D0A33332E31370D0A33332E31370D0A33
02-02-2020 15:51:17.928,4399,RECV,332E31370D0A33332E31370D0A33332E31370D0A33332E31370D0A33332E31370D0A33332E31370D0A33332E31370D0A33332E31370D0A33332E37360D
02-02-2020 15:51:17.990,4400,RECV,0A33332E37
02-02-2020 15:51:18.052,4401,RECV,0A33332E32310D0A33332E32310D0A33322E38380D0A33
02-02-2020 15:51:18.115,4402,RECV,322E38380D0A33322E38380D0A33322E38380D0A33322E30390D0A33322E30390D0A33322E30390D0A33322E30390D0A33322E30390D0A33312E35320D0A
02-02-2020 15:51:18.209,4403,RECV,33312E35320D0A33312E35320D0A33312E35320D0A33302E38390D0A33302E38390D0A33302E38390D0A33302E38390D0A33302E38390D0A33302E3039
02-02-2020 15:51:18.240,4404,RECV,0D0A33302E30390D0A33302E30390D0A33302E30390D0A32392E35350D0A32392E33330D0A32392E33330D0A32392E
02-02-2020 15:51:18.302,4405,RECV,33330D0A32392E
02-02-2020 15:51:18.615,4406,RECV,2E33380D0A33342E33380D0A33342E33380D0A33352E35370D0A33352E35370D0A33352E35370D0A33352E35370D0A33352E35370D0A33372E
02-02-2020 15:51:18.677,4407,RECV,31340D0A33372E31340D0A33372E31340D0A33372E31340D0A33372E33310D0A33382E31370D0A33382E31
02-02-2020 15:51:19.865,4408,RECV,0D0A34312E31370D0A34312E31370D0A34312E31370D0A34312E31370D0A33362E37380D0A33362E37380D0A33362E37380D0A33362E3738
02-02-2020 15:51:19.927,4409,RECV,0D0A33352E31300D0A33352E31300D0A33352E31300D0A33352E31300D0A33352E31300D0A33332E34340D0A
02-02-2020 15:51:20.365,4410,RECV,392E39360D0A33312E35360D0A33312E35360D0A33312E35360D0A33312E35360D
02-02-2020 15:51:20.427,4411,RECV,0A33322E38360D0A33322E38360D0A33322E38360D0A33322E38360D0A33322E38360D0A33332E37330D0A33332E37330D0A33332E37330D0A33332E3733
02-02-2020 15:51:20.490,4412,RECV,0D0A33342E36370D0A33342E36370D0A33342E36370D0A33342E36370D0A33342E36370D0A33352E39370D0A33352E39370D0A33352E39370D0A33352E
02-02-2020 15:51:20.552,4413,RECV,39370D0A33342E32340D0A33342E32340D0A33342E32340D0A33342E32340D0A33342E32340D0A33372E3836
02-02-2020 15:51:20.677,4414,RECV,33382E39380D0A33382E39380D0A33382E39380D0A33382E39380D0A33382E39380D0A33382E39380D0A33382E39
02-02-2020 15:51:20.771,4415,RECV,380D0A33382E39380D0A33382E39380D0A33382E39380D0A33382E39380D0A33382E39380D0A33382E39380D0A33382E39380D0A33382E39380D0A33382E
02-02-2020 15:51:20.802,4416,RECV,39380D0A33382E39380D0A33372E39350D0A33372E39350D0A33372E39350D0A33372E39350D0A33372E39350D0A
02-02-2020 15:51:20.864,4417,RECV,33372E39350D0A33372E39350D0A33372E39350D0A33372E39350D0A33372E33360D0A33372E33360D0A33372E33360D0A33372E33360D0A
02-02-2020 15:51:20.927,4418,RECV,33372E33360D0A33372E33360D0A33372E33360D0A33372E33360D0A33372E33360D0A33372E30330D0A33372E30330D0A33372E30330D0A33372E3033
02-02-2020 15:51:20.989,4419,RECV,0D0A33372E32370D0A33372E32370D0A33372E32370D0A33372E32370D
02-02-2020 15:51:21.302,4420,RECV,0D0A33352E32330D0A33352E32330D0A33352E32330D0A33352E35320D0A33352E35320D0A33352E35320D0A33352E35320D0A33352E35320D
02-02-2020 15:51:21.364,4421,RECV,0A33352E33300D0A33352E33300D0A33352E33300D0A33352E33300D0A33352E33380D0A33352E33380D0A3335
02-02-2020 15:51:21.458,4422,RECV,2E33380D0A33352E33380D0A33352E33380D0A33352E36300D0A33352E36300D0A33352E36300D0A33352E36300D
02-02-2020 15:51:21.489,4423,RECV,0A33352E37350D0A33352E37350D0A33352E37350D0A33352E37350D0A33352E37350D0A33352E36300D0A33352E36300D0A3335
02-02-2020 15:51:22.302,4424,RECV,380D0A35302E35380D0A
02-02-2020 15:51:22.364,4425,RECV,34392E35380D0A34392E35380D0A34392E35380D0A34392E35380D0A34382E35380D0A34382E35380D0A34382E35380D0A34382E35380D0A34382E35380D
02-02-2020 15:51:22.458,4426,RECV,0A34372E39390D0A34372E39390D0A34372E39390D0A34372E39390D0A34362E37300D0A34362E37300D0A3436
02-02-2020 15:51:22.489,4427,RECV,2E37300D0A34362E37300D0A34362E37300D0A34342E37320D0A34342E37320D0A34342E37320D0A34342E37320D0A34342E34360D0A34332E33320D0A34
02-02-2020 15:51:22.551,4428,RECV,332E33320D0A34332E33320D0A34332E33320D0A34
02-02-2020 15:51:24.103,4429,RECV,31380D0A34392E31380D0A34392E31380D0A34392E31380D0A35312E30300D0A35312E30300D0A35312E30
02-02-2020 15:51:24.166,4430,RECV,300D0A35312E30300D0A35312E30300D0A35312E30300D0A35312E30300D0A35312E30300D0A35312E30300D0A34392E33390D0A34392E3339
02-02-2020 15:51:24.416,4431,RECV,2E37320D0A34392E37320D0A34392E31380D0A34392E31380D0A34392E31380D0A34392E31380D0A34
02-02-2020 15:51:24.478,4432,RECV,382E33360D0A34382E33360D0A34382E33360D0A34382E33360D0A34382E33360D0A34382E33360D0A34382E33360D0A34382E33360D0A34382E33
02-02-2020 15:51:24.603,4433,RECV,0A34352E35330D0A34352E35330D0A
02-02-2020 15:51:24.665,4434,RECV,34352E35330D0A34352E35330D0A34352E33380D0A34352E33380D0A34352E33380D0A34352E33380D0A34352E33380D0A34342E31300D0A34342E3130
02-02-2020 15:51:24.728,4435,RECV,0D0A34342E31300D0A34342E31300D0A34342E32340D0A34342E32340D0A34342E32340D0A34342E32340D0A34342E32340D0A34302E31350D0A34302E31
02-02-2020 15:51:24.822,4436,RECV,350D0A34302E31350D0A34302E31350D0A34322E36390D0A34322E36390D0A34322E36390D0A34322E36390D0A34322E36390D0A33392E30340D0A3339
02-02-2020 15:51:24.853,4437,RECV,2E
02-02-2020 15:51:24.915,4438,RECV,0D0A34312E30340D0A34312E30340D0A3431
02-02-2020 15:51:24.978,4439,RECV,2E30340D0A34312E30340D0A34312E30340D0A34312E30340D0A34312E30340D0A34312E30340D0A34312E30340D0A34312E30340D0A34312E30340D0A
02-02-2020 15:51:25.041,4440,RECV,34312E30340D0A34312E30340D0A34312E30340D0A
02-02-2020 15:51:25.165,4441,RECV,2E31390D0A34332E38320D0A34332E38320D0A34332E38320D0A34332E38320D0A34332E38320D0A34342E32320D0A34342E32320D0A34342E32
02-02-2020 15:51:25.228,4442,RECV,320D0A34342E32320D0A34342E32320D0A34342E32320D0A34342E32320D0A34342E32320D0A34342E32
