02-02-2020 15:51:39.728,-,AT," ,0013A20040F7BEFB,XBEE 802.15.4, 347.00  347.00  347.00  347.00  347.00  347.00  347.00  347.00  347.00  347.00  347.68  347.68  347.68  347.68  347.00  347.00  347.00  347.00  347.88  347.88  347.88  347.88  347.00  347.00  347.00  347.00  347.78  347.78  347.78  347.78  347.68  347.68  347.68  347.68  348.18  348.18  348.18  348.18  347.09  347.09  347.09  347.09  347.68  347.68  347.68  347.68  347.78  347.78  347.78  347.78,COM4 - 9600/8/N/1/N,1"

02-02-2020 15:51:44.377,4443,RECV,0A3137392E31
02-02-2020 15:51:44.440,4444,RECV,370D0A3137372E36360D0A3137372E36360D0A3137372E36360D0A3137372E36360D0A3137352E32370D0A3137352E32370D0A3137352E32370D0A3137
02-02-2020 15:51:44.533,4445,RECV,352E32370D0A3137332E30300D0A3137332E30300D0A3137332E30300D0A313733
02-02-2020 15:51:55.107,4446,RECV,2E34330D0A3330312E34330D0A3330312E34330D0A3330
02-02-2020 15:51:55.170,4447,RECV,312E34330D0A3330332E33370D0A3330332E33370D0A3330332E33370D0A3330332E33370D0A3330342E37360D0A3330342E37360D0A3330342E37360D
02-02-2020 15:51:55.263,4448,RECV,0A3330342E37360D0A3330362E34350D
02-02-2020 15:51:56.170,4449,RECV,2E35320D0A3331352E35320D0A3331342E37310D0A3331342E37310D0A3331342E37310D0A3331342E37310D0A3331342E37310D0A
02-02-2020 15:51:56.233,4450,RECV,3331342E37310D0A3331342E37310D0A3331342E37310D0A3331342E32340D0A3331342E32340D0A3331342E32340D
02-02-2020 15:51:56.670,4451,RECV,0A3331342E33360D0A3331342E33360D0A3331352E32330D0A3331352E32
02-02-2020 15:51:56.732,4452,RECV,330D0A3331352E32330D0A3331352E32330D0A3331352E35350D0A3331352E35350D0A3331352E35350D0A3331352E35350D0A3331352E33350D0A333135
02-02-2020 15:51:56.834,4453,RECV,2E33350D0A333135
02-02-2020 15:51:56.975,4454,RECV,2E31320D0A3331352E31320D0A3331352E31320D0A3331352E31320D
02-02-2020 15:51:57.038,4455,RECV,0A3331352E31320D0A3331352E31320D0A3331352E31320D0A3331352E31320D0A3331352E31320D0A3331352E31320D0A3331352E31320D0A3331352E
02-02-2020 15:51:57.131,4456,RECV,31320D0A3331352E31320D
02-02-2020 15:51:57.163,4457,RECV,2E37360D0A3331
02-02-2020 15:51:57.225,4458,RECV,322E37360D0A3331322E37360D0A3331322E37360D0A3331322E39390D0A3331322E39390D0A3331322E39390D0A3331322E39390D0A3331322E38360D
02-02-2020 15:51:57.288,4459,RECV,0A3331322E38360D0A3331322E38360D0A3331322E38360D0A3331332E31390D
02-02-2020 15:51:58.038,4460,RECV,2E33320D0A3331362E33320D0A3331362E33320D0A3331362E33320D0A3331362E33320D0A3331362E3332
02-02-2020 15:51:58.100,4461,RECV,0D0A3331362E33320D0A3331342E31370D0A3331342E31370D0A3331342E31370D0A3331342E31370D0A3331332E35370D0A3331332E35370D
02-02-2020 15:51:58.350,4462,RECV,0A3330392E31300D0A3330382E33320D0A3330382E33320D0A3330382E33320D0A33
02-02-2020 15:51:58.414,4463,RECV,30382E33320D0A3330382E31380D0A3330382E31380D0A3330382E31380D0A3330382E31380D0A3330382E31380D0A3330382E31380D0A3330382E31380D
02-02-2020 15:51:58.507,4464,RECV,0A333038
02-02-2020 15:51:58.539,4465,RECV,0A3331332E36310D0A3331332E36310D0A3331332E36310D0A3330392E38390D0A3330
02-02-2020 15:51:58.601,4466,RECV,392E31380D0A3330392E31380D0A3330392E31380D0A3331362E32320D0A3331362E32320D0A3331362E32320D0A3331362E32320D0A3331342E39390D
02-02-2020 15:51:58.679,4467,RECV,0A333134
02-02-2020 15:51:58.851,4468,RECV,2E32300D0A3331302E3230
02-02-2020 15:51:58.913,4469,RECV,0D0A3330392E38310D0A3330392E38310D0A3330392E38310D0A3330392E38310D0A3330392E38310D0A3330392E38310D0A3330392E38310D0A3330392E
02-02-2020 15:51:58.976,4470,RECV,38310D0A3330392E38310D0A3330392E38310D0A3330392E38310D
02-02-2020 15:51:59.413,4471,RECV,0A3331312E32380D0A3331312E32380D0A3331312E32380D0A3331312E32380D0A3331312E32380D0A3331312E32380D0A33
02-02-2020 15:51:59.476,4472,RECV,31312E32380D0A3331312E32380D0A3331312E32380D0A3331312E32380D0A3331312E32380D0A3331312E32380D0A333131
02-02-2020 15:51:59.663,4473,RECV,2E
02-02-2020 15:51:59.726,4474,RECV,31380D0A3332342E34300D0A3332342E34300D0A3332342E34300D0A3332342E34300D0A3331392E35340D0A3331392E35340D0A3331392E35340D0A3331
02-02-2020 15:51:59.788,4475,RECV,392E35340D0A3331392E36320D0A3331392E36320D0A3331392E36320D0A3331392E36320D
02-02-2020 15:51:59.913,4476,RECV,2E31380D0A3332302E31380D0A3332302E31380D0A3332302E31
02-02-2020 15:51:59.976,4477,RECV,380D0A3332302E31380D0A3332302E31380D0A3332302E31380D0A3332302E31380D0A3332302E31380D0A3332302E31380D0A3332302E31380D0A333230
02-02-2020 15:52:00.030,4478,RECV,2E31380D0A3332302E31380D
02-02-2020 15:52:00.218,4479,RECV,0A3332382E36370D0A3332382E36370D0A3332332E34390D0A3332332E34390D0A3332332E3439
02-02-2020 15:52:00.280,4480,RECV,0D0A3332332E34390D0A3331382E31380D0A3331382E31380D0A3331382E31380D0A3331382E31380D0A3331382E32
02-02-2020 15:52:00.343,4481,RECV,390D0A3331382E32390D0A333138
02-02-2020 15:52:00.718,4482,RECV,2E39350D0A3331372E39350D0A333137
02-02-2020 15:52:00.780,4483,RECV,2E39350D0A3331372E39320D0A3331372E39320D0A3331372E39320D0A3331372E39320D0A3331382E35310D0A3331382E35310D0A3331382E35310D0A33
02-02-2020 15:52:00.843,4484,RECV,31382E35310D0A3331382E31320D0A3331382E31320D
02-02-2020 15:52:00.967,4485,RECV,2E36310D0A3331382E36310D0A3331382E36310D0A3331382E36310D0A3331382E36310D0A3331382E36
02-02-2020 15:52:01.030,4486,RECV,310D0A3331382E36310D0A3331382E36310D0A3331382E36310D0A3331382E36310D0A3331382E36310D0A3331382E36310D0A3331382E36310D
02-02-2020 15:52:01.280,4487,RECV,0A3331372E38380D0A3331372E38380D0A3331372E38380D0A3331372E38380D0A3331372E33340D0A3331372E33340D0A3331372E3334
02-02-2020 15:52:01.342,4488,RECV,0D0A3331372E33340D0A3331372E31300D0A3331372E31300D0A3331372E31300D0A3331372E31300D0A333136
02-02-2020 15:52:01.467,4489,RECV,0A3331362E31370D0A3331362E31370D0A3331362E31370D0A3331362E31370D0A33
02-02-2020 15:52:01.561,4490,RECV,31362E31370D0A3331362E31370D0A3331362E31370D0A3331362E31370D0A3331362E31370D0A3331362E31370D
02-02-2020 15:52:01.592,4491,RECV,0A3331352E32360D0A3331352E37340D0A3331352E37340D0A3331352E37340D0A3331362E31380D0A3331362E30390D0A3331362E30390D0A3331362E30
02-02-2020 15:52:01.655,4492,RECV,390D0A3331362E34360D0A3331362E34360D0A3331362E34360D0A3331362E34360D0A3331362E39300D0A3331362E39300D0A3331362E39300D
02-02-2020 15:52:01.780,4493,RECV,2E39380D0A3331382E38320D0A3331382E38320D0A3331382E38320D0A333138
02-02-2020 15:52:01.858,4494,RECV,2E38320D0A3331392E38300D0A3331392E38300D0A3331392E38300D0A3331392E38300D0A3332302E31300D0A3332302E31300D0A3332302E31300D0A
02-02-2020 15:52:01.905,4495,RECV,3332302E31300D
02-02-2020 15:52:01.967,4496,RECV,2E37330D0A3332312E3733
02-02-2020 15:52:02.030,4497,RECV,0D0A3332312E37330D0A3332312E37330D0A3332312E37330D0A3332312E37330D0A3332312E37330D0A3332312E37330D0A3332312E37330D0A333231
02-02-2020 15:52:02.092,4498,RECV,2E37330D0A3332312E37330D0A3332312E37330D0A3332312E37330D0A3332312E37330D0A3332312E37330D0A3332312E37330D0A3332332E30360D0A33
02-02-2020 15:52:02.155,4499,RECV,32332E30360D0A3332332E30360D0A3332332E30360D0A3332322E37380D0A3332322E37380D0A3332322E37380D
02-02-2020 15:52:02.206,4500,RECV,0A3332322E37380D0A3332322E36330D0A333232
02-02-2020 15:52:02.285,4501,RECV,0A3332312E30350D
02-02-2020 15:52:02.331,4502,RECV,0A3332312E30350D0A3332302E36310D0A3332302E36310D0A3332302E36310D0A3332302E36310D0A3331392E37340D0A3331392E37340D0A3331392E37
02-02-2020 15:52:02.394,4503,RECV,340D0A3331392E37340D0A3331382E34350D0A3331382E34350D0A333138
02-02-2020 15:52:02.519,4504,RECV,0A3331362E36360D0A3331362E36360D0A3331362E36360D0A3331362E36360D0A33
02-02-2020 15:52:02.582,4505,RECV,31362E36360D0A3331362E36360D0A3331362E36360D0A3331362E36360D0A3331332E37310D0A3331342E31350D0A3331342E31350D0A3331342E3135
02-02-2020 15:52:02.644,4506,RECV,0D0A3331332E34340D0A3331332E34340D0A3331332E34340D0A3331332E34340D0A3331332E37370D0A3331332E37370D0A3331332E37370D0A3331332E
02-02-2020 15:52:02.722,4507,RECV,37370D0A3331332E35320D0A3331332E35320D0A3331332E35320D0A3331332E35320D0A3331342E30370D
02-02-2020 15:52:02.831,4508,RECV,2E37380D0A3332312E37380D0A3332312E37380D0A3332332E35370D0A3332332E35370D0A3332332E35370D0A3332
02-02-2020 15:52:02.883,4509,RECV,332E35370D0A3331372E33320D0A3331372E33320D0A3331372E33320D0A3331372E33320D0A3331382E32360D0A
02-02-2020 15:52:02.945,4510,RECV,3331382E32360D
02-02-2020 15:52:03.008,4511,RECV,2E35370D0A3331392E3537
02-02-2020 15:52:03.070,4512,RECV,0D0A3331392E35370D0A3331392E35370D0A3331392E35370D0A3331392E35370D0A3331392E35370D0A3331392E35370D0A3331392E35370D0A333139
02-02-2020 15:52:03.149,4513,RECV,2E35370D0A3331392E35370D0A3331392E35370D0A3331392E35370D
02-02-2020 15:52:03.321,4514,RECV,0A3331392E39330D
02-02-2020 15:52:03.383,4515,RECV,0A3331392E39330D0A3331392E39330D0A3331392E39330D0A3331392E31380D0A3331392E31380D0A3331392E31380D0A3331392E31380D0A3332332E32
02-02-2020 15:52:03.445,4516,RECV,370D0A3332332E32370D0A3332332E32370D0A3332332E32370D0A3331372E32360D0A3331372E32360D0A3331372E32360D0A3331372E32360D0A3331
02-02-2020 15:52:03.508,4517,RECV,362E35320D0A3331362E35320D0A3331362E35320D0A3331362E35320D0A3331362E35320D0A3331362E35320D0A3331362E35320D0A3331362E35320D0A
02-02-2020 15:52:03.570,4518,RECV,3331362E35320D0A3331362E35320D0A3331362E35320D0A3331362E35320D0A3331362E35320D0A3331362E35320D0A3331362E35320D0A
02-02-2020 15:52:03.633,4519,RECV,3331362E35320D0A3331362E35320D0A3331362E35320D0A3331362E35320D0A3331332E34330D0A3331332E32310D0A3331332E32310D0A3331332E32
02-02-2020 15:52:03.727,4520,RECV,310D0A3331322E37340D0A3331322E38360D0A3331322E38360D0A3331322E38360D0A3331322E30350D0A3331322E30350D0A3331322E30350D0A333132
02-02-2020 15:52:03.758,4521,RECV,2E30350D0A3331312E34380D0A3331312E34380D0A3331312E34380D
02-02-2020 15:52:03.883,4522,RECV,2E39310D0A3331302E33330D0A3331302E33330D0A3331302E33330D0A3331302E33330D0A3330392E39390D0A33
02-02-2020 15:52:03.945,4523,RECV,30392E39390D0A3330392E39390D0A3330392E39390D0A3331302E30310D0A3331302E30310D0A3331302E30310D0A3331302E30310D0A3331302E32330D
02-02-2020 15:52:04.023,4524,RECV,0A3331302E32330D0A3331302E32330D0A3331302E32330D0A3331302E33350D0A3331302E33350D0A3331302E33350D0A3331302E33350D0A3331302E
02-02-2020 15:52:04.070,4525,RECV,33350D0A3331302E33350D0A3331302E33350D0A3331302E33350D0A333130
02-02-2020 15:52:04.195,4526,RECV,0A3331302E33350D0A3331302E33350D0A3331302E33350D0A3331322E32370D0A3331322E32370D0A3331322E32370D0A3331322E32370D0A333132
02-02-2020 15:52:04.258,4527,RECV,2E32370D0A3331322E32370D0A3331322E32370D0A3331322E32370D0A3331322E35300D0A333132
02-02-2020 15:52:04.383,4528,RECV,0A3331372E34320D0A3331372E34320D0A3331322E30350D0A3331322E30350D0A3331322E3035
02-02-2020 15:52:04.445,4529,RECV,0D0A3331322E30350D0A3331372E38330D0A3331372E38330D0A3331372E38330D0A3331372E38330D0A3331312E38330D0A3331312E38330D0A333131
02-02-2020 15:52:04.570,4530,RECV,0A3331
02-02-2020 15:52:04.633,4531,RECV,312E39340D0A3331312E39340D0A3331312E39340D0A3331312E39340D0A3331312E39340D0A3331312E39340D0A3331312E39340D0A3331312E39340D
02-02-2020 15:52:04.711,4532,RECV,0A3331332E37370D0A3331322E39390D0A3331322E39390D0A3331322E39390D0A3331332E37310D0A3331332E34390D0A3331332E34390D0A3331332E34
02-02-2020 15:52:04.758,4533,RECV,390D0A3331342E33330D0A3331342E33330D0A3331342E33330D0A3331342E33330D0A3331342E33330D0A3331342E33330D0A3331342E33330D0A3331
02-02-2020 15:52:04.820,4534,RECV,342E33330D0A3331342E30380D
02-02-2020 15:52:04.883,4535,RECV,2E31370D0A3331342E31370D0A333134
02-02-2020 15:52:04.945,4536,RECV,2E31370D0A3331342E32380D0A3331342E32380D0A3331342E32380D0A3331342E32380D0A3331342E30320D0A3331342E30320D0A3331342E30320D0A
02-02-2020 15:52:05.007,4537,RECV,3331342E30320D0A3331392E37300D0A3331392E37300D0A3331392E37300D0A3331392E37300D0A3331392E37300D0A3331392E37300D0A3331392E3730
02-02-2020 15:52:05.070,4538,RECV,0D0A3331392E37300D0A3331392E37300D0A3331392E37300D0A3331392E37300D0A3331392E37300D0A3331392E37300D0A3331392E37300D0A333139
02-02-2020 15:52:05.195,4539,RECV,0A3331372E33300D0A3331372E
02-02-2020 15:52:05.257,4540,RECV,39340D0A3331372E39340D0A3331372E39340D0A3331372E39340D0A3331382E30300D0A3331382E30300D0A3331382E30300D0A3331382E30300D0A3331
02-02-2020 15:52:05.320,4541,RECV,382E34370D0A3331382E34370D0A3331382E34370D0A333138
02-02-2020 15:52:05.445,4542,RECV,0A3332332E39300D0A3332332E39300D0A3332332E39300D0A3332332E39300D0A3332342E36350D0A3332342E36350D0A3332342E36
02-02-2020 15:52:05.507,4543,RECV,350D0A3332342E36350D0A3331362E30320D0A3331362E30320D0A3331362E30320D0A3331362E30320D0A3331352E35330D0A3331352E35330D0A333135
02-02-2020 15:52:05.586,4544,RECV,2E35330D0A3331352E35330D0A3331352E35330D0A3331352E35330D0A3331352E35330D0A3331352E35330D0A3331352E35330D0A3331352E35330D0A
02-02-2020 15:52:05.633,4545,RECV,3331352E35330D0A3331352E35330D0A3331352E35330D0A3331352E35330D0A3331352E35330D0A3331322E36380D0A3331332E31370D0A
02-02-2020 15:52:05.710,4546,RECV,3331332E31370D0A3331332E31370D0A3331322E36370D0A3331322E37390D0A3331322E37390D0A3331322E37390D0A3331322E31370D0A3331322E3137
02-02-2020 15:52:05.758,4547,RECV,0D0A3331322E31370D0A3331322E31370D0A3331322E31370D0A3331322E31370D0A3331322E31370D0A3331322E31370D0A3331322E38380D0A333132
02-02-2020 15:52:05.820,4548,RECV,2E38380D0A3331322E38380D0A3331322E38380D0A3331322E37350D0A3331322E37350D0A3331322E37350D
02-02-2020 15:52:05.945,4549,RECV,2E32380D0A3332312E37320D0A3332312E37320D0A3332312E37320D0A3332
02-02-2020 15:52:06.007,4550,RECV,312E37320D0A3331372E32300D0A3331372E32300D0A3331372E32300D0A3331372E32300D0A3331382E31380D0A3331382E31380D0A3331382E31380D
02-02-2020 15:52:06.070,4551,RECV,0A3331382E31380D0A3331382E31380D0A3331382E31380D0A3331382E31380D0A3331382E31380D0A3331382E31380D0A3331382E31380D0A3331382E31
02-02-2020 15:52:06.148,4552,RECV,380D0A3331382E31380D0A3331382E31380D0A3331382E31380D0A3331382E31380D0A3331382E31380D0A3331382E31380D0A3331382E31
02-02-2020 15:52:06.195,4553,RECV,380D0A3331382E31380D0A3331382E31380D0A3331382E31380D0A3331382E31380D0A3331382E31380D0A3331382E31380D0A3332312E36300D0A333231
02-02-2020 15:52:06.273,4554,RECV,2E36300D0A3332312E36300D0A3332312E36300D0A3332312E35310D0A3332312E35310D0A3332312E35310D0A3332312E35310D0A3332312E31360D0A
02-02-2020 15:52:06.320,4555,RECV,3332312E31360D0A3332312E31360D0A3332312E31360D0A3332302E38390D0A3332302E38390D0A3332302E38390D0A3332302E38390D0A3332302E3039
02-02-2020 15:52:06.382,4556,RECV,0D0A333230
02-02-2020 15:52:06.445,4557,RECV,0A3331382E33390D
02-02-2020 15:52:06.507,4558,RECV,0A3331382E33390D0A3331372E36300D0A3331372E36300D0A3331372E36300D0A3331372E36300D0A3332332E33310D0A3332332E33310D0A3332332E
02-02-2020 15:52:06.570,4559,RECV,33310D0A3332332E33310D0A3332332E33310D0A3332332E33310D0A3332332E33310D0A3332332E33310D0A3332332E33310D0A3332332E33310D0A3332
02-02-2020 15:52:06.632,4560,RECV,332E33310D0A3332332E33310D0A3332332E33310D0A3332332E33310D0A3332332E33310D0A3332332E33310D0A3332332E33310D0A3332332E33310D
02-02-2020 15:52:06.710,4561,RECV,0A3332332E33310D
02-02-2020 15:52:06.758,4562,RECV,2E39370D0A3331322E39370D0A3331322E39370D0A
02-02-2020 15:52:06.851,4563,RECV,3331322E39370D0A3331332E31390D0A3331332E31390D0A3331332E31390D0A3331332E31390D0A3331332E36330D0A3331332E36330D0A3331332E36
02-02-2020 15:52:06.883,4564,RECV,330D0A3331332E36330D0A3331332E39360D
02-02-2020 15:52:07.008,4565,RECV,2E38380D0A3331352E38380D0A3331352E38380D0A3331362E35380D0A3331362E35380D0A3331362E35380D0A3331362E35380D0A3331362E35380D0A33
02-02-2020 15:52:07.070,4566,RECV,31362E35380D0A3331362E35380D0A3331362E35380D0A3331362E35380D0A3331362E35380D0A3331362E35380D0A3331362E35380D0A3331362E3538
02-02-2020 15:52:07.133,4567,RECV,0D0A3331362E35380D0A3331362E35380D0A3331362E35380D0A3331362E35380D0A3331362E35380D0A3331362E
02-02-2020 15:52:07.197,4568,RECV,35380D0A3331362E35380D0A3331362E35380D0A3331362E35380D0A3331362E35380D0A3331362E35380D0A3331382E37380D0A3331382E
02-02-2020 15:52:07.260,4569,RECV,37380D0A3331382E37380D0A3331382E37380D0A3331382E36360D0A3331382E36360D0A3331382E36360D0A3331382E36360D0A3331382E36330D0A3331
02-02-2020 15:52:07.322,4570,RECV,382E36330D0A3331382E36330D0A3331382E36330D0A3331382E32330D0A3331382E32330D0A3331382E32330D0A3331382E32330D0A3331372E39320D
02-02-2020 15:52:07.416,4571,RECV,0A3331372E39320D0A3331372E39320D0A3331372E39320D0A3331372E37310D0A3331372E37310D0A3331372E37310D0A3331372E37310D0A3331372E32
02-02-2020 15:52:07.447,4572,RECV,310D0A3331372E32310D0A3331372E32310D0A3331372E32310D0A3331362E38320D0A3331362E38320D0A3331362E38320D0A3331362E38320D0A3331
02-02-2020 15:52:07.510,4573,RECV,362E33370D0A3331362E33370D0A3331362E33370D0A3331362E33370D0A3331352E33380D0A3331352E33380D0A3331352E33380D0A3331352E33380D0A
02-02-2020 15:52:07.572,4574,RECV,3332312E30350D0A3332312E30350D0A3332312E30350D0A3332312E30350D0A3332312E30350D0A3332312E30350D0A3332312E30350D0A3332312E30
02-02-2020 15:52:07.635,4575,RECV,350D0A3332312E30350D0A3332312E30350D0A3332312E30350D0A3332312E30350D0A3332312E30350D0A3332312E30350D0A3332312E30350D0A333134
02-02-2020 15:52:07.697,4576,RECV,2E36350D0A3331362E35320D0A3331362E35320D0A3331362E35320D0A3331302E37390D0A3330392E37390D
02-02-2020 15:52:07.822,4577,RECV,2E33340D0A3330392E33340D0A3330392E39330D0A3330392E39330D0A3330392E39330D
02-02-2020 15:52:07.885,4578,RECV,0A3330392E39330D0A3331302E30370D0A3331302E30370D0A3331302E30370D0A3331302E30370D0A3331302E33300D0A3331302E33300D0A3331302E
02-02-2020 15:52:07.978,4579,RECV,33300D0A3331302E33300D0A3331302E38350D0A3331302E38350D0A3331302E38350D0A3331302E38350D0A3331312E38330D
02-02-2020 15:52:08.010,4580,RECV,0A3331312E38330D0A3331312E38330D0A3331312E38330D0A3331322E31360D0A3331322E31360D0A3331322E31360D0A3331322E31360D0A3331332E30
02-02-2020 15:52:08.072,4581,RECV,350D0A3331332E30350D0A3331332E30350D0A3331332E30350D0A3331332E30350D0A3331332E30350D0A3331332E30350D0A3331332E30350D0A3331
02-02-2020 15:52:08.135,4582,RECV,332E30350D0A3331332E30350D0A3331332E30350D0A3331332E30350D0A3331332E30350D0A3331332E30350D0A3331332E30350D0A3331332E30350D0A
02-02-2020 15:52:08.197,4583,RECV,3331332E30350D0A3331332E30350D0A3331332E30350D0A3331332E30350D0A3331332E30350D0A3331332E30350D0A3331332E30350D0A3331332E30
02-02-2020 15:52:08.259,4584,RECV,350D0A333136
02-02-2020 15:52:08.322,4585,RECV,0A3331372E31370D0A3331372E31370D0A3331372E31370D0A333136
02-02-2020 15:52:08.384,4586,RECV,2E39370D0A3331362E39370D0A3331362E39370D0A3331362E39370D0A3331362E38370D0A3331362E38370D0A3331362E38370D0A3331362E38370D0A33
02-02-2020 15:52:08.447,4587,RECV,31362E32350D0A3331362E32350D0A3331362E32350D0A3331362E32350D0A3331362E36360D0A3331362E36360D0A333136
02-02-2020 15:52:08.525,4588,RECV,2E36360D0A3331362E36360D0A3331362E33360D0A3331362E33360D0A3331362E33360D0A3331362E33360D0A3331
02-02-2020 15:52:08.572,4589,RECV,362E31350D0A3331362E31350D
02-02-2020 15:52:08.634,4590,RECV,2E30360D0A3331362E30360D0A3331362E30360D0A3331362E30
02-02-2020 15:52:08.697,4591,RECV,360D0A3331362E30360D0A3331352E30360D0A3331362E31300D0A3331362E31300D0A3331362E31300D0A3331352E38360D0A3331362E30360D0A3331
02-02-2020 15:52:08.759,4592,RECV,362E30360D0A3331362E30360D0A3331362E36370D0A3331362E36370D0A3331362E36370D0A3331362E36370D0A3331372E30
02-02-2020 15:52:08.822,4593,RECV,390D0A3331372E30390D0A3331372E30390D0A3331372E30390D0A3331372E31340D0A3331372E31340D0A3331372E31340D0A3331372E31340D0A333137
02-02-2020 15:52:08.884,4594,RECV,2E37370D0A3331372E37370D0A3331372E37370D0A3331372E37370D0A3331382E34300D0A3331382E34300D0A3331382E34300D0A3331382E34300D0A
02-02-2020 15:52:08.947,4595,RECV,3331382E38300D0A3331382E38300D0A3331382E38300D0A3331382E38300D0A3331392E32360D0A3331392E32360D0A3331392E32360D0A
02-02-2020 15:52:09.009,4596,RECV,3331392E32360D0A3331392E38380D0A3331392E38380D0A3331392E38380D0A3331392E38380D0A3332302E34310D0A3332302E34310D0A3332302E3431
02-02-2020 15:52:09.087,4597,RECV,0D0A3332302E34310D0A3332312E31300D0A3332312E31300D0A3332312E31300D0A3332312E31300D0A3332312E31300D0A3332312E31300D0A333231
02-02-2020 15:52:09.134,4598,RECV,2E31300D0A3332312E31300D0A3332312E31300D0A3332312E31300D0A3332312E31300D0A3332312E31300D0A3332
02-02-2020 15:52:09.197,4599,RECV,312E31300D0A3332312E31300D0A3332312E31300D0A3332312E31300D0A3332312E31300D0A3332312E31300D0A3332312E31300D0A3332312E31300D
02-02-2020 15:52:09.259,4600,RECV,0A3332312E31300D0A3332312E31300D0A3332312E31300D0A3332312E31300D0A3332322E34300D0A3332322E34300D0A3332322E34300D0A3332322E34
02-02-2020 15:52:09.322,4601,RECV,300D0A3332322E31300D0A3332322E31300D0A3332322E31300D0A3332322E31300D0A3332312E35370D0A3332312E35370D0A3332312E35370D0A3332
02-02-2020 15:52:09.384,4602,RECV,312E35370D0A3332312E30330D0A3332312E30330D0A3332312E30330D0A3332312E30330D0A3332302E37320D0A3332302E37320D0A3332302E37320D0A
02-02-2020 15:52:09.447,4603,RECV,3332302E37320D0A3332302E34310D0A3332302E34310D0A3332302E34310D0A3332302E34310D0A3331392E37310D0A3331392E37310D0A3331392E37
02-02-2020 15:52:09.509,4604,RECV,310D0A3331392E37310D0A3332302E31380D0A3332302E31380D0A3332302E31380D0A3332302E31380D0A3331392E36330D0A3331392E36330D0A333139
02-02-2020 15:52:09.572,4605,RECV,2E36330D0A3331392E36330D0A3332302E30320D0A3332302E30320D0A3332302E30320D0A3332302E30320D0A3331392E33390D0A3331392E33390D0A
02-02-2020 15:52:09.650,4606,RECV,3331392E33390D0A3331392E33390D0A3331392E33390D0A3331392E33390D0A3331392E33390D0A3331392E33390D0A3331392E33390D0A3331392E3339
02-02-2020 15:52:09.697,4607,RECV,0D0A3331392E33390D0A3331392E33390D0A3331392E33390D0A3331392E33390D0A3331392E33390D0A3332362E38300D0A3332372E35300D0A333237
02-02-2020 15:52:09.759,4608,RECV,2E35300D0A3332372E35300D0A3332312E31360D0A3331392E36310D0A3331392E36310D0A3331392E36310D0A33
02-02-2020 15:52:09.822,4609,RECV,31392E36390D0A3331392E36390D0A3331392E36390D0A3331392E36390D0A3331392E36390D0A3331392E36390D0A3331392E36390D0A3331392E36390D
02-02-2020 15:52:09.884,4610,RECV,0A3331392E32310D0A3331392E32310D0A3331392E32310D0A3331392E32310D0A3331382E38390D0A3331382E38390D0A3331382E38390D0A3331382E
02-02-2020 15:52:09.947,4611,RECV,38390D0A3331382E30330D0A3331382E30330D0A3331382E30330D0A3331382E30330D0A3331372E33330D0A3331372E33330D0A3331372E33330D0A3331
02-02-2020 15:52:10.009,4612,RECV,372E33330D0A3331362E39350D0A3331362E39350D0A3331362E39350D0A3331362E39350D0A3331362E31330D0A3331362E31330D0A3331362E31330D
02-02-2020 15:52:10.087,4613,RECV,0A3331362E31330D0A3331352E39360D0A3331352E39360D0A3331352E39360D0A3331352E39360D0A3331352E31370D0A3331352E31370D0A3331352E31
02-02-2020 15:52:10.134,4614,RECV,370D0A333135
02-02-2020 15:52:10.228,4615,RECV,0A3331352E31370D0A3331352E31370D0A3331352E31370D0A3331352E31370D0A
02-02-2020 15:52:10.259,4616,RECV,3331352E31370D0A3331352E31370D0A3331352E31370D0A3331352E31370D0A3332302E39380D0A3332302E39380D0A3332302E39380D0A3332302E3938
02-02-2020 15:52:10.321,4617,RECV,0D0A3331362E39350D0A3331362E39350D0A3331362E39350D0A3331362E39350D0A3331372E33300D0A3331372E33300D0A33
02-02-2020 15:52:10.384,4618,RECV,31372E33300D0A3331372E33300D0A3331382E32360D0A3331382E32360D0A3331382E32360D0A3331382E32360D0A3331392E34300D0A3331392E3430
02-02-2020 15:52:10.446,4619,RECV,0D0A3331392E34300D0A3331392E34300D0A3332302E30320D0A3332302E30320D0A3332302E30320D0A3332302E
02-02-2020 15:52:10.509,4620,RECV,30320D0A3332302E37350D0A3332302E37350D0A3332302E37350D0A3332302E37350D0A3332312E32360D0A3332312E32360D0A3332312E
02-02-2020 15:52:10.571,4621,RECV,32360D0A3332312E32360D0A3332322E33300D0A3332322E33300D0A3332322E33300D0A3332322E33300D0A3332322E32360D0A3332322E32360D0A3332
02-02-2020 15:52:10.634,4622,RECV,322E32360D0A3332322E32360D0A3332322E33370D0A3332322E33370D0A3332322E33370D0A3332322E33370D0A3332322E33370D0A3332322E33370D
02-02-2020 15:52:10.697,4623,RECV,0A3332322E33370D0A3332322E33370D0A3332322E33370D0A3332322E33370D0A3332322E33370D0A3332322E33370D0A3332322E33370D0A3332322E33
02-02-2020 15:52:10.790,4624,RECV,370D0A3332322E33370D0A3332312E38340D0A3332312E37360D0A3332312E37360D0A3332312E37360D0A3332312E32330D0A3332312E33390D0A333231
02-02-2020 15:52:10.822,4625,RECV,2E33390D0A3332312E33390D0A3332302E31300D0A3332302E31300D0A3332302E31300D0A3332302E31300D0A3331392E34320D0A3331392E34320D0A
02-02-2020 15:52:10.884,4626,RECV,3331392E34320D0A3331392E34320D0A3331382E37350D0A3331382E37350D0A3331382E37350D0A3331382E37350D0A3331382E30390D0A3331382E3039
02-02-2020 15:52:10.946,4627,RECV,0D0A3331382E30390D0A3331382E30390D0A3331372E32300D0A3331372E32300D0A3331372E32300D0A3331372E32300D0A3331362E35370D0A333136
02-02-2020 15:52:11.009,4628,RECV,2E35370D0A3331362E35370D0A3331362E35370D0A3331362E32390D0A3331362E32390D0A3331362E32390D0A3331362E32390D0A3331362E33390D0A33
02-02-2020 15:52:11.072,4629,RECV,31362E33390D0A3331362E33390D0A3331362E33390D0A3331362E32350D0A3331362E32350D0A3331362E32350D
02-02-2020 15:52:11.134,4630,RECV,0A3331362E32350D0A3331362E31350D0A3331362E31350D0A3331362E31350D0A3331362E31350D0A3331362E31350D0A3331362E31350D0A3331362E
02-02-2020 15:52:11.212,4631,RECV,31350D0A3331362E31350D0A3331362E31350D0A3331362E31350D0A3331362E31350D0A3331362E31350D0A3331362E31350D0A3331362E31350D0A3331
02-02-2020 15:52:11.259,4632,RECV,362E31350D0A3331362E31350D0A3331362E31350D0A3331362E31350D0A3331362E31350D0A3331362E31350D0A3331362E31350D0A3331362E31350D
02-02-2020 15:52:11.337,4633,RECV,0A3331362E31350D0A3331362E31350D0A3332362E38360D0A3332362E38360D0A3332362E38360D0A3332362E38360D0A3331372E31310D0A3331372E31
02-02-2020 15:52:11.384,4634,RECV,310D0A3331372E31310D0A3331372E31310D0A3332322E30390D0A3332322E30390D0A3332322E30390D0A3332322E30390D0A3331362E38370D0A3331
02-02-2020 15:52:11.446,4635,RECV,362E38370D0A3331362E38370D0A3331362E38370D0A3331372E31320D0A3331372E31320D0A3331372E31320D0A3331372E31320D0A3331362E39320D0A
02-02-2020 15:52:11.509,4636,RECV,3331362E39320D0A3331362E39320D0A3331362E39320D0A3331362E37370D0A3331362E37370D0A3331362E37370D0A3331362E37370D0A3331362E31
02-02-2020 15:52:11.571,4637,RECV,360D0A3331362E31360D0A3331362E31360D0A3331362E31360D0A3331352E39310D0A3331352E39310D0A3331352E39310D0A3331352E39310D0A333135
02-02-2020 15:52:11.634,4638,RECV,2E34320D0A3331352E34320D0A3331352E34320D0A3331352E34320D0A3331342E38320D0A3331342E38320D0A3331342E38320D0A3331342E38320D0A33
02-02-2020 15:52:11.696,4639,RECV,31342E38320D0A3331342E38320D0A3331342E38320D0A3331342E38320D0A3331342E38320D0A3331342E38320D
02-02-2020 15:52:11.759,4640,RECV,0A3331342E38320D0A3331342E38320D0A3331342E38320D0A3331342E38320D0A3331342E38320D0A3331342E38320D0A3331342E38320D0A3331342E
02-02-2020 15:52:11.821,4641,RECV,38320D0A3331342E38320D0A3331372E33320D0A3331382E30390D0A3331382E30390D0A3331382E30390D0A3331312E39340D0A3331312E30300D0A3331
02-02-2020 15:52:11.904,4642,RECV,312E30300D0A3331312E30300D0A3331362E32340D0A3331362E32340D0A3331362E32340D0A3331362E32340D0A3331352E33320D0A3331352E33320D
02-02-2020 15:52:11.935,4643,RECV,0A3331352E33320D0A3331352E33320D0A3330392E39360D0A3330392E39360D0A3330392E39360D0A3330392E39
02-02-2020 15:52:11.997,4644,RECV,360D0A3330392E37310D0A3330392E37310D0A3330392E37310D0A3330392E37310D0A3330392E34390D0A3330392E34390D0A3330392E34390D0A333039
02-02-2020 15:52:12.060,4645,RECV,2E34390D0A3330392E31300D0A3330392E31300D0A3330392E31300D0A3330392E31300D0A3330382E36310D0A3330382E36310D0A3330382E36310D0A
02-02-2020 15:52:12.122,4646,RECV,3330382E36310D0A3330382E34340D0A3330382E34340D0A3330382E34340D0A3330382E34340D0A3330372E34370D0A3330372E34370D0A3330372E3437
02-02-2020 15:52:12.185,4647,RECV,0D0A3330372E34370D0A3330372E34370D0A3330372E34370D0A3330372E34370D0A3330372E34370D0A3330372E34370D0A3330372E34370D0A333037
02-02-2020 15:52:12.248,4648,RECV,2E34370D0A3330372E34370D0A3330372E34370D0A3330372E34370D0A3330372E34370D0A3330372E34370D0A3330372E34370D0A3330372E34370D0A33
02-02-2020 15:52:12.326,4649,RECV,30372E34370D0A3330372E34370D0A3330372E34370D0A3330372E34370D0A3330372E34370D0A3330372E34370D0A3330372E34370D0A3330372E3437
02-02-2020 15:52:12.373,4650,RECV,0D0A3330372E34370D0A3330372E34370D0A3330352E33380D0A3330352E33380D0A3330352E33380D0A3330352E33380D0A3330352E30380D0A3330352E
02-02-2020 15:52:12.435,4651,RECV,30380D0A3330352E30380D0A3330352E30380D0A3330352E35320D0A3330352E35320D0A3330352E35320D0A3330352E35320D0A3330352E32320D0A33
02-02-2020 15:52:12.498,4652,RECV,30352E32320D0A3330352E32320D0A3330352E32320D0A3330362E33310D0A3330362E33310D0A3330362E33310D0A3330362E33310D0A3330362E34350D
02-02-2020 15:52:12.560,4653,RECV,0A3330362E34350D0A3330362E34350D0A3330362E34350D0A3330362E36340D0A3330362E36340D0A3330362E36
02-02-2020 15:52:12.623,4654,RECV,340D0A3330362E36340D0A3330372E32360D0A3330372E32360D0A3330372E32360D0A3330372E32360D0A3330382E33310D0A3330382E33310D0A333038
02-02-2020 15:52:12.685,4655,RECV,2E33310D0A3330382E33310D0A3330382E37380D0A3330382E37380D0A3330382E37380D0A3330382E37380D0A3330382E37380D0A3330382E37380D0A
02-02-2020 15:52:12.747,4656,RECV,3330382E37380D0A3330382E37380D0A3330382E37380D0A3330382E37380D0A3330382E37380D0A3330382E37380D0A3330382E37380D0A3330382E3738
02-02-2020 15:52:12.810,4657,RECV,0D0A3330382E37380D0A3330382E37380D0A3330382E37380D0A3330382E37380D0A3330382E37380D0A3331322E36340D0A3331332E30390D0A333133
02-02-2020 15:52:12.888,4658,RECV,2E30390D0A3331332E30390D0A3331332E37390D0A3331332E39300D0A3331332E39300D0A3331332E39300D0A3332302E35380D0A3332302E35380D0A33
02-02-2020 15:52:12.935,4659,RECV,32302E35380D0A3332302E35380D0A3331352E35360D0A3331352E35360D0A3331352E35360D0A3331352E35360D0A3331352E39340D0A3331352E3934
02-02-2020 15:52:12.997,4660,RECV,0D0A3331352E39340D0A3331352E39340D0A3331352E38330D0A3331352E38330D0A3331352E38330D0A3331352E38330D0A3331352E38330D0A3331352E
02-02-2020 15:52:13.060,4661,RECV,38330D0A3331352E38330D0A3331352E38330D0A3331352E36330D0A3331352E36330D0A3331352E36330D0A3331352E36330D0A3331352E35390D0A33
02-02-2020 15:52:13.122,4662,RECV,31352E35390D0A3331352E35390D0A3331352E35390D0A3331352E30300D0A3331352E30300D0A3331352E30300D0A3331352E30300D0A3331342E39300D
02-02-2020 15:52:13.185,4663,RECV,0A3331342E39300D0A3331342E39300D0A3331342E39300D0A3331342E39300D0A3331342E39300D0A3331342E39
02-02-2020 15:52:13.247,4664,RECV,300D0A3331342E39300D0A3331342E39300D0A3331342E39300D0A3331342E39300D0A3331342E39300D0A3331342E39300D0A3331342E39300D0A333134
02-02-2020 15:52:13.325,4665,RECV,2E39300D0A3331342E39300D0A3331342E39300D0A3331342E39300D0A3331342E39300D0A3331342E39300D0A3331342E39300D0A3331342E39300D0A
02-02-2020 15:52:13.373,4666,RECV,3331342E39300D0A3331342E39300D0A3331322E39390D0A3331322E39390D0A3331322E39390D0A3331322E39390D0A3331382E30390D0A3331382E3039
02-02-2020 15:52:13.451,4667,RECV,0D0A3331382E30390D0A3331382E30390D0A3331312E38310D0A3331312E38310D0A3331312E38310D0A3331312E38310D0A3331312E33340D0A333131
02-02-2020 15:52:13.498,4668,RECV,2E33340D0A3331312E33340D0A3331312E33340D0A3331312E33340D0A3331312E33340D0A3331312E33340D0A3331312E33340D0A3331302E37350D0A33
02-02-2020 15:52:13.560,4669,RECV,31302E37350D0A3331302E37350D0A3331302E37350D0A3331302E32360D0A3331302E32360D0A3331302E32360D0A3331302E32360D0A3331302E3238
02-02-2020 15:52:13.623,4670,RECV,0D0A3331302E32380D0A3331302E32380D0A3331302E32380D0A3331302E32380D0A3331302E32380D0A3331302E32380D0A3331302E32380D0A3331302E
02-02-2020 15:52:13.685,4671,RECV,31350D0A3331302E31350D0A3331302E31350D0A3331302E31350D0A3330392E38320D0A3330392E38320D0A3330392E38320D0A3330392E38320D0A33
02-02-2020 15:52:13.748,4672,RECV,30392E38320D0A3330392E38320D0A3330392E38320D0A3330392E38320D0A3330392E38320D0A3330392E38320D0A3330392E38320D0A3330392E38320D
02-02-2020 15:52:13.810,4673,RECV,0A3330392E38320D0A3330392E38320D0A3330392E38320D0A3330392E35390D0A3330392E34360D0A3330392E34360D0A3330392E34360D0A3330392E
02-02-2020 15:52:13.904,4674,RECV,34360D0A3330392E33330D0A3330392E33330D0A3330392E33330D0A3330382E37340D0A3330382E37340D0A3330
02-02-2020 15:52:13.935,4675,RECV,382E37340D0A3330382E37340D0A3330382E36310D0A3330382E36310D0A3330382E36310D0A3330382E36310D0A3331342E36330D0A3331342E36330D0A
02-02-2020 15:52:13.998,4676,RECV,3331342E36330D0A3331342E36330D0A3330382E31350D0A3330382E31350D0A3330382E31350D0A3330382E31350D0A3330382E32380D0A3330382E32
02-02-2020 15:52:14.060,4677,RECV,380D0A3330382E32380D0A3330382E32380D0A3331332E34340D0A3331332E34340D0A3331332E34340D0A3331332E34340D0A3330382E35380D0A333038
02-02-2020 15:52:14.123,4678,RECV,2E35380D0A3330382E35380D0A3330382E35380D0A3330392E32390D0A3330392E32390D0A3330392E32390D0A3330392E32390D0A3330392E39390D0A
02-02-2020 15:52:14.185,4679,RECV,3330392E39390D0A3330392E39390D0A3330392E39390D0A3331312E31340D0A3331312E31340D0A3331312E31340D0A3331312E31340D0A3331312E3134
02-02-2020 15:52:14.248,4680,RECV,0D0A3331312E31340D0A3331312E31340D0A3331312E31340D0A3331312E31340D0A3331312E31340D0A3331312E31340D0A3331312E31340D0A333131
02-02-2020 15:52:14.310,4681,RECV,2E31340D0A3331312E31340D0A3331312E31340D0A3331312E31340D0A3331312E31340D0A3331312E31340D0A3331312E31340D0A3331312E31340D0A33
02-02-2020 15:52:14.373,4682,RECV,31312E31340D0A3331312E31340D0A3331312E31340D0A3331312E31340D0A3331372E32390D0A3331372E32390D0A3331372E32390D0A3331372E32390D
02-02-2020 15:52:14.451,4683,RECV,0A3332312E38350D0A3332312E38350D0A3332312E38350D0A3332312E38350D0A3331372E33380D0A3331372E33380D0A3331372E33380D0A3331372E
02-02-2020 15:52:14.498,4684,RECV,33380D0A3332332E34350D0A3332332E34350D0A3332332E34350D0A3332332E34350D0A3331382E35350D0A3331
02-02-2020 15:52:14.560,4685,RECV,382E35350D0A3331382E35350D0A3331382E35350D0A3331392E34370D0A3331392E34370D0A3331392E34370D0A3331392E34370D0A3331382E37370D0A
02-02-2020 15:52:14.623,4686,RECV,3331382E37370D0A3331382E37370D0A3331382E37370D0A3331382E38340D0A3331382E38340D0A3331382E38340D0A3331382E38340D0A3331382E37
02-02-2020 15:52:14.685,4687,RECV,350D0A3331382E37350D0A3331382E37350D0A3331382E37350D0A3331382E35360D0A3331382E35360D0A3331382E35360D0A3331382E35360D0A333138
02-02-2020 15:52:14.748,4688,RECV,2E33380D0A3331382E33380D0A3331382E33380D0A3331382E33380D0A3331382E33380D0A3331382E33380D0A3331382E33380D0A3331382E33380D0A
02-02-2020 15:52:14.810,4689,RECV,3331382E33380D0A3331382E33380D0A3331382E33380D0A3331382E33380D0A3331382E33380D0A3331382E33380D0A3331382E33380D0A3331382E3338
02-02-2020 15:52:14.887,4690,RECV,0D0A3331382E33380D0A3331382E33380D0A3331382E33380D0A3331362E33370D0A3331362E36370D0A3331362E36370D0A3331362E36370D0A333137
02-02-2020 15:52:14.934,4691,RECV,2E34310D0A3331372E35300D0A3331372E35300D0A3331372E35300D0A3331352E39300D0A3331352E39300D0A3331352E39300D0A3331352E39300D0A33
02-02-2020 15:52:15.012,4692,RECV,31352E35320D0A3331352E35320D0A3331352E35320D0A3331352E35320D0A3332302E30320D0A3332302E30320D0A3332302E30320D0A3332302E3032
02-02-2020 15:52:15.059,4693,RECV,0D0A3331342E36380D0A3331342E36380D0A3331342E36380D0A3331342E36380D0A3331342E35350D0A3331342E35350D0A3331342E35350D0A3331342E
02-02-2020 15:52:15.122,4694,RECV,35350D0A3331342E34350D0A3331342E34350D0A3331342E34350D0A3331342E34350D0A3331342E32310D0A3331
02-02-2020 15:52:15.184,4695,RECV,342E32310D0A3331342E32310D0A3331342E32310D0A3331342E32310D0A3331342E32310D0A3331342E32310D0A3331342E32310D0A3331342E32310D0A
02-02-2020 15:52:15.247,4696,RECV,3331342E32310D0A3331342E32310D0A3331342E32310D0A3331342E32310D0A3331342E32310D0A3331342E32310D0A3331342E32310D0A3331342E32
02-02-2020 15:52:15.309,4697,RECV,310D0A3331342E32310D0A3331342E32310D0A3331342E32310D0A3331342E32310D0A3331342E32310D0A3331342E32310D0A3331342E32310D0A333134
02-02-2020 15:52:15.372,4698,RECV,2E32310D0A3331342E32310D0A3331342E32310D0A3331342E32310D0A3331342E32310D0A3331342E32310D0A3331342E32310D0A3331342E32310D0A
02-02-2020 15:52:15.434,4699,RECV,3331342E34340D0A3331342E34340D0A3331342E34340D0A3331342E34340D0A3331342E36380D0A3331342E36380D0A3331342E36380D0A3331342E3638
02-02-2020 15:52:15.497,4700,RECV,0D0A3331352E30360D0A3331352E30360D0A3331352E30360D0A3331352E30360D0A3331352E38310D0A3331352E38310D0A3331352E38310D0A333135
02-02-2020 15:52:15.590,4701,RECV,2E38310D0A3331362E34310D0A3331362E34310D0A3331362E34310D0A3331362E34310D0A3331372E30320D0A3331372E30320D0A3331372E30320D0A33
02-02-2020 15:52:15.622,4702,RECV,31372E30320D0A3331372E33370D0A3331372E33370D0A3331372E33370D0A3331372E33370D0A3331372E34360D0A3331372E34360D0A3331372E3436
02-02-2020 15:52:15.684,4703,RECV,0D0A3331372E34360D0A3331372E36360D0A3331372E36360D0A3331372E36360D0A3331372E36360D0A3331372E35300D0A3331372E35300D0A3331372E
02-02-2020 15:52:15.747,4704,RECV,35300D0A3331372E35300D0A3331372E35340D0A3331372E35340D0A3331372E35340D0A3331372E35340D0A3331
02-02-2020 15:52:15.747,4705,RECV,372E35340D0A3331372E35340D0A33
02-02-2020 15:52:15.809,4706,RECV,31372E35340D0A3331372E35340D0A3331372E35340D0A3331372E35340D0A3331372E35340D0A3331372E35340D
02-02-2020 15:52:15.872,4707,RECV,0A3331372E35340D0A3331372E35340D0A3331372E35340D0A3331362E38320D0A3331372E35360D0A3331372E35360D0A3331372E35360D0A3331372E38
02-02-2020 15:52:15.934,4708,RECV,300D0A3331372E38380D0A3331372E38380D0A3331372E38380D0A3331382E37360D0A3331382E37360D0A3331382E37360D0A3331382E37360D0A333231
02-02-2020 15:52:16.012,4709,RECV,2E32390D0A3332312E32390D0A3332312E32390D0A3332312E32390D0A3331392E35350D0A3331392E35350D0A3331392E35350D0A3331392E35350D0A
02-02-2020 15:52:16.059,4710,RECV,3332302E34320D0A3332302E34320D0A3332302E34320D0A3332302E34320D0A3332312E32320D0A3332312E32320D0A3332312E32320D0A3332312E3232
02-02-2020 15:52:16.153,4711,RECV,0D0A3332312E35330D0A3332312E35330D0A3332312E35330D0A3332312E35330D0A3332322E33360D0A3332322E33360D0A3332322E33360D0A333232
02-02-2020 15:52:16.184,4712,RECV,2E33360D0A3332322E33390D0A3332322E33390D0A3332322E33390D0A3332322E33390D0A3332322E35360D0A3332322E35360D0A3332322E35360D0A33
02-02-2020 15:52:16.246,4713,RECV,32322E35360D0A3332322E39320D0A3332322E39320D0A3332322E39320D0A3332322E39320D0A3332322E39320D0A3332322E39320D0A3332322E3932
02-02-2020 15:52:16.309,4714,RECV,0D0A3332322E39320D0A3332322E39320D0A3332322E39320D0A3332322E39320D0A3332322E39320D0A3332322E39320D0A3332322E39320D0A3332322E
02-02-2020 15:52:16.371,4715,RECV,39320D0A3332322E39320D0A3332322E39320D0A3332322E39320D0A3332322E39320D0A3332322E39320D0A3332
02-02-2020 15:52:16.434,4716,RECV,322E39320D0A3332322E39320D0A3332322E39320D0A3332322E39320D0A3331392E39330D0A3331392E39330D0A3331392E39330D0A3331392E39330D
02-02-2020 15:52:16.496,4717,RECV,0A3331382E38360D0A3331382E38360D0A3331382E38360D0A3331382E38360D0A3331372E37390D0A3331372E37390D0A3331372E37390D0A3331372E37
02-02-2020 15:52:16.575,4718,RECV,390D0A3331362E36370D0A3331362E36370D0A3331362E36370D0A3331362E36370D0A3332332E34330D0A3332332E34330D0A3332332E34330D0A3332
02-02-2020 15:52:16.622,4719,RECV,332E34330D0A3331352E30390D0A3331352E30390D0A3331352E30390D0A3331352E30390D0A3331392E35360D0A3331392E35360D0A3331392E35360D0A
02-02-2020 15:52:16.715,4720,RECV,3331392E35360D0A3331392E31310D0A3331392E31310D0A3331392E31310D0A3331392E31310D0A3331332E37300D0A3331332E37300D0A3331332E37
02-02-2020 15:52:16.747,4721,RECV,300D0A3331332E37300D0A3331332E36390D0A3331332E36390D0A3331332E36390D0A3331332E36390D0A3331332E38390D0A3331332E38390D0A333133
02-02-2020 15:52:16.809,4722,RECV,2E38390D0A3331332E38390D0A3331332E38390D0A3331332E38390D0A3331332E38390D0A3331332E38390D0A3331332E38390D0A3331332E38390D0A
02-02-2020 15:52:16.872,4723,RECV,3331332E38390D0A3331332E38390D0A3331332E38390D0A3331332E38390D0A3331332E38390D0A3331362E35390D0A3331362E34300D0A3331362E3430
02-02-2020 15:52:16.934,4724,RECV,0D0A3331362E34300D0A3331372E38300D0A3331372E37310D0A3331372E37310D0A3331372E37310D0A3331382E34380D0A3331382E34380D0A3331382E
02-02-2020 15:52:16.997,4725,RECV,34380D0A3331382E34380D0A3331392E36310D0A3331392E36310D0A3331392E36310D0A3331392E36310D0A3332302E34330D0A3332302E34330D0A33
02-02-2020 15:52:17.059,4726,RECV,32302E34330D0A3332302E34330D0A3332372E31350D0A3332372E31350D0A3332372E31350D0A3332372E31350D
02-02-2020 15:52:17.137,4727,RECV,0A3332322E31350D0A3332322E31350D0A3332322E31350D0A3332322E31350D0A3332372E36320D0A3332372E36320D0A3332372E36320D0A3332372E36
02-02-2020 15:52:17.184,4728,RECV,320D0A3332312E36350D0A3332312E36350D0A3332312E36350D0A3332312E36350D0A3332302E39370D0A3332302E39370D0A3332302E39370D0A3332
02-02-2020 15:52:17.278,4729,RECV,302E39370D0A3332302E35330D0A3332302E35330D0A3332302E35330D0A3332302E35330D0A3331392E37340D0A3331392E37340D0A3331392E37340D0A
02-02-2020 15:52:17.309,4730,RECV,3331392E37340D0A3331392E37340D0A3331392E37340D0A3331392E37340D0A3331392E37340D0A3331392E37340D0A3331392E37340D0A3331392E37
02-02-2020 15:52:17.371,4731,RECV,340D0A3331392E37340D0A3331392E37340D0A3331392E37340D0A3331392E37340D0A3331392E37340D0A3331392E37340D0A3331392E37340D0A333139
02-02-2020 15:52:17.434,4732,RECV,2E37340D0A3331392E37340D0A3331392E37340D0A3331392E37340D0A3331392E37340D0A3331392E37340D0A3331372E36360D0A3331372E36360D0A
02-02-2020 15:52:17.496,4733,RECV,3331372E36360D0A3331372E36360D0A3331372E34310D0A3331372E34310D0A3331372E34310D0A3331372E34310D0A3331372E34310D0A3331372E3431
02-02-2020 15:52:17.559,4734,RECV,0D0A3331372E34310D0A3331372E34310D0A3331392E38340D0A3331392E38340D0A3331392E38340D0A3331392E38340D0A3331372E34360D0A333137
02-02-2020 15:52:17.621,4735,RECV,2E34360D0A3331372E34360D0A3331372E34360D0A3331372E35320D0A3331372E35320D0A3331372E35320D0A3331372E35320D0A3331372E35380D0A33
02-02-2020 15:52:17.684,4736,RECV,31372E35380D0A3331372E35380D0A3331372E35380D0A3331362E39370D0A3331362E39370D0A3331362E39370D
02-02-2020 15:52:17.747,4737,RECV,0A3331362E39370D0A3331362E32350D0A3331362E32350D0A3331362E32350D0A3331362E32350D0A3331362E33300D0A3331362E33300D0A3331362E33
02-02-2020 15:52:17.829,4738,RECV,300D0A3331362E33300D0A3331352E37380D0A3331352E37380D0A3331352E37380D0A3331352E37380D0A3331352E37380D0A3331352E37380D0A3331
02-02-2020 15:52:17.861,4739,RECV,352E37380D0A3331352E37380D0A3331352E37380D0A3331352E37380D0A3331352E37380D0A3331352E37380D0A3331352E37380D0A3331352E37380D0A
02-02-2020 15:52:17.923,4740,RECV,3331352E37380D0A3331352E37380D0A3331352E37380D0A3331352E37380D0A3331352E37380D0A3331332E3532
02-02-2020 15:52:17.986,4741,RECV,0D0A3331332E38360D0A3331332E38360D0A3331332E38360D0A3331332E33370D0A3331332E37310D0A3331332E37310D0A3331332E37310D0A333134
02-02-2020 15:52:18.048,4742,RECV,2E31370D0A3331342E31370D0A3331342E31370D0A3331342E31370D0A3331342E36330D0A3331342E36330D0A3331342E36330D0A3331342E36330D0A33
02-02-2020 15:52:18.110,4743,RECV,31352E34320D0A3331352E34320D0A3331352E34320D0A3331352E34320D0A3331362E33340D0A3331362E33340D0A3331362E33340D0A3331362E3334
02-02-2020 15:52:18.173,4744,RECV,0D0A3331372E33390D0A3331372E33390D0A3331372E33390D0A3331372E33390D0A3331382E36310D0A3331382E36310D0A3331382E36310D0A3331382E
02-02-2020 15:52:18.251,4745,RECV,36310D0A3331392E37370D0A3331392E37370D0A3331392E37370D0A3331392E37370D0A3332302E39330D0A3332302E39330D0A3332302E39330D0A33
02-02-2020 15:52:18.298,4746,RECV,32302E39330D0A3332312E37390D0A3332312E37390D0A3332312E37390D0A3332312E37390D0A3332322E34390D0A3332322E34390D0A3332322E34390D
02-02-2020 15:52:18.360,4747,RECV,0A3332322E34390D0A3332322E34390D0A3332322E34390D0A3332322E34390D0A3332322E34390D0A3332322E34390D0A3332322E34390D0A3332322E
02-02-2020 15:52:18.423,4748,RECV,34390D0A3332322E34390D0A3332322E34390D0A3332322E34390D0A3332322E34390D0A3332322E34390D0A3332322E34390D0A3332322E34390D0A3332
02-02-2020 15:52:18.485,4749,RECV,322E34390D0A3332322E34390D0A3332322E34390D0A3332322E34390D0A3332322E34390D0A3332322E34390D0A3332332E31340D0A3332332E31340D
02-02-2020 15:52:18.548,4750,RECV,0A3332332E31340D0A3332332E31340D0A3332322E32340D0A3332322E32340D0A3332322E32340D0A3332322E3234
02-02-2020 15:52:18.610,4751,RECV,0D0A3332302E38390D0A3332302E38390D0A3332302E38390D0A3332302E38390D0A3331392E36350D0A3331392E36350D0A3331392E36350D0A333139
02-02-2020 15:52:18.673,4752,RECV,2E36350D0A3332342E37380D0A3332342E37380D0A3332342E37380D0A3332342E37380D0A3332332E32350D0A3332332E32350D0A3332332E32350D0A33
02-02-2020 15:52:18.735,4753,RECV,32332E32350D0A3331352E33380D0A3331352E33380D0A3331352E33380D0A3331352E33380D0A3331342E32380D0A3331342E32380D0A3331342E3238
02-02-2020 15:52:18.813,4754,RECV,0D0A3331342E32380D0A3331322E39380D0A3331322E39380D0A3331322E39380D0A3331322E39380D0A3331322E33390D0A3331322E33390D0A3331322E
02-02-2020 15:52:18.860,4755,RECV,33390D0A3331322E33390D0A3331312E36300D0A3331312E36300D0A3331312E36300D0A3331312E36300D0A3331312E36300D0A3331312E36300D0A33
02-02-2020 15:52:18.923,4756,RECV,31312E36300D0A3331312E36300D0A3331312E36300D0A3331312E36300D0A3331312E36300D0A3331312E36300D0A3331312E36300D0A3331312E36300D
02-02-2020 15:52:18.985,4757,RECV,0A3331312E36300D0A3331302E34390D0A3331302E31330D0A3331302E31330D0A3331302E31330D0A3331302E31330D0A3331302E30310D0A3331302E
02-02-2020 15:52:19.048,4758,RECV,30310D0A3331302E30310D0A3331302E32310D0A3331302E32310D0A3331302E32310D0A3331302E32310D0A3331302E33320D0A3331302E33320D0A3331
02-02-2020 15:52:19.110,4759,RECV,302E33320D0A3331302E33320D0A3331302E35330D0A3331302E35330D0A3331302E35330D0A3331302E35330D0A3331302E36340D0A3331302E36340D
02-02-2020 15:52:19.172,4760,RECV,0A3331302E36340D0A3331302E36340D0A3331362E39360D0A3331362E39360D0A3331362E39360D0A3331362E39
02-02-2020 15:52:19.251,4761,RECV,360D0A3331312E37300D0A3331312E37300D0A3331312E37300D0A3331312E37300D0A3331372E33350D0A3331372E33350D0A3331372E33350D0A333137
02-02-2020 15:52:19.298,4762,RECV,2E33350D0A3331382E30390D0A3331382E30390D0A3331382E30390D0A3331382E30390D0A3331322E32390D0A3331322E32390D0A3331322E32390D0A
02-02-2020 15:52:19.391,4763,RECV,3331322E32390D0A3331322E37360D0A3331322E37360D0A3331322E37360D0A3331322E37360D0A3331322E37360D0A3331322E37360D0A3331322E3736
02-02-2020 15:52:19.422,4764,RECV,0D0A3331322E37360D0A3331322E37360D0A3331322E37360D0A3331322E37360D0A3331322E37360D0A3331322E37360D0A3331322E37360D0A333132
02-02-2020 15:52:19.485,4765,RECV,2E37360D0A3331322E37360D0A3331322E37360D0A3331322E37360D0A3331322E37360D0A3331322E37360D0A3331322E37360D0A3331322E37360D0A33
02-02-2020 15:52:19.548,4766,RECV,31322E37360D0A3331322E37360D0A3331362E39360D0A3331362E39360D0A3331362E39360D0A3331362E39360D0A3331372E35340D0A3331372E35340D
02-02-2020 15:52:19.610,4767,RECV,0A3331372E35340D0A3331372E35340D0A3331382E33370D0A3331382E33370D0A3331382E33370D0A3331382E33370D0A3331392E33350D0A3331392E
02-02-2020 15:52:19.672,4768,RECV,33350D0A3331392E33350D0A3331392E33350D0A3332352E30340D0A3332352E30340D0A3332352E30340D0A3332352E30340D0A3332372E35310D0A3332
02-02-2020 15:52:19.735,4769,RECV,372E35310D0A3332372E35310D0A3332372E35310D0A3332322E30320D0A3332322E30320D0A3332322E30320D0A3332322E30320D0A3332332E32320D
02-02-2020 15:52:19.797,4770,RECV,0A3332332E32320D0A3332332E32320D0A3332332E32320D0A3332342E32300D0A3332342E32300D0A3332342E32
02-02-2020 15:52:19.860,4771,RECV,300D0A3332342E32300D0A3332352E35340D0A3332352E35340D0A3332352E35340D0A3332352E35340D0A3332352E35340D0A3332352E35340D0A333235
02-02-2020 15:52:19.938,4772,RECV,2E35340D0A3332352E35340D0A3332352E35340D0A3332352E35340D0A3332352E35340D0A3332352E35340D0A3332352E35340D0A3332352E35340D0A
02-02-2020 15:52:19.985,4773,RECV,3332352E35340D0A3332352E35340D0A3332352E35340D0A3332352E35340D0A3332352E35340D0A3332372E31300D0A3332372E33310D0A3332372E3331
02-02-2020 15:52:20.044,4774,RECV,0D0A3332372E33310D0A3332362E38300D0A3332362E38350D0A3332362E38350D0A3332362E38350D0A3332362E32300D0A3332362E32300D0A333236
02-02-2020 15:52:20.107,4775,RECV,2E32300D0A3332362E32300D0A3332362E32300D0A3332362E32300D0A3332362E32300D0A3332362E32300D0A3332362E32350D0A3332362E32350D0A33
02-02-2020 15:52:20.169,4776,RECV,32362E32350D0A3332362E32350D0A3332362E31320D0A3332362E31320D0A3332362E31320D0A3332362E31320D0A3332362E31370D0A3332362E3137
02-02-2020 15:52:20.232,4777,RECV,0D0A3332362E31370D0A3332362E31370D0A3332362E32320D0A3332362E32320D0A3332362E32320D0A3332362E32320D0A3332362E33330D0A3332362E
02-02-2020 15:52:20.294,4778,RECV,33330D0A3332362E33330D0A3332362E33330D0A3332372E33310D0A3332372E33310D0A3332372E33310D0A3332372E33310D0A3332372E35350D0A3332
02-02-2020 15:52:20.357,4779,RECV,372E35350D0A3332372E35350D0A3332372E35350D0A3332372E35350D0A3332372E35350D0A3332372E35350D0A
02-02-2020 15:52:20.420,4780,RECV,3332372E35350D0A3332372E35350D0A3332372E35350D0A3332372E35350D0A3332372E35350D0A3332372E35350D0A3332372E35350D0A3332372E35
02-02-2020 15:52:20.497,4781,RECV,350D0A3332372E35350D0A3332372E35350D0A3332372E35350D0A3332372E35350D0A3332372E35350D0A3332372E35350D0A3332372E35350D0A333237
02-02-2020 15:52:20.545,4782,RECV,2E35350D0A3332372E35350D0A3332372E35350D0A3332372E35350D0A3332372E35350D0A3332372E35350D0A3332382E36380D0A3332382E36380D0A
02-02-2020 15:52:20.607,4783,RECV,3332382E36380D0A3332382E36380D0A3332372E38320D0A3332372E38320D0A3332372E38320D0A3332372E38320D
02-02-2020 15:52:21.170,4784,RECV,2E35300D0A3332312E31370D0A3332312E31370D0A3332312E31370D0A3332312E31370D0A3332312E36310D0A3332312E36310D0A33
02-02-2020 15:52:21.232,4785,RECV,32312E36310D0A3332312E36310D0A3332312E35350D0A3332312E35350D0A3332312E35350D0A3332312E35350D0A3332312E38340D0A3332312E3834
02-02-2020 15:52:21.294,4786,RECV,0D0A3332312E38340D0A3332312E38340D0A3332312E35310D0A3332312E35310D0A3332312E35310D0A3332312E35310D0A3333322E34360D0A3333322E
02-02-2020 15:52:21.357,4787,RECV,34360D0A3333322E34360D0A3333322E34360D0A3332302E39300D0A3332302E39300D0A3332302E39300D0A3332302E39300D0A3332302E39300D0A33
02-02-2020 15:52:21.435,4788,RECV,32302E39300D0A3332302E39300D0A3332302E39300D0A3332302E39300D0A3332302E39300D0A3332302E39300D0A3332302E39300D0A3332302E39300D
02-02-2020 15:52:21.482,4789,RECV,0A3332302E39300D0A3332302E39300D0A3332302E39300D0A3332302E39300D0A3332302E39300D0A3332302E39300D0A3332302E39300D0A3332302E
02-02-2020 15:52:21.544,4790,RECV,39300D0A3332302E39300D0A3332302E39300D0A3332302E39300D0A3331342E38340D0A3331342E38340D0A3331342E38340D0A3331342E38340D0A3331
02-02-2020 15:52:21.607,4791,RECV,342E31310D0A3331342E31310D0A3331342E31310D0A3331342E31310D0A3331332E37340D0A3331332E37340D0A3331332E37340D0A3331332E37340D
02-02-2020 15:52:21.669,4792,RECV,0A3331332E37320D0A3331332E37320D0A3331332E37320D0A3331332E37320D0A3331342E34330D0A3331342E3433
02-02-2020 15:52:21.732,4793,RECV,0D0A3331342E34330D0A3331342E34330D0A3331352E32360D0A3331352E32360D0A3331352E32360D0A3331352E32360D0A3331362E31310D0A333136
02-02-2020 15:52:21.794,4794,RECV,2E31310D0A3331362E31310D0A3331362E31310D0A3332322E30330D0A3332322E30330D0A3332322E30330D0A3332322E30330D0A3331382E35310D0A33
02-02-2020 15:52:21.857,4795,RECV,31382E35310D0A3331382E35310D0A3331382E35310D0A3331392E35370D0A3331392E35370D0A3331392E35370D0A3331392E35370D0A3332362E3631
02-02-2020 15:52:21.919,4796,RECV,0D0A3332362E36310D0A3332362E36310D0A3332362E36310D0A3332362E36310D0A3332362E36310D0A3332362E36310D0A3332362E36310D0A3332362E
02-02-2020 15:52:21.997,4797,RECV,36310D0A3332362E36310D0A3332362E36310D0A3332362E36310D0A3332362E36310D0A3332362E36310D0A3332362E36310D0A3332342E35320D0A33
02-02-2020 15:52:22.044,4798,RECV,32332E30360D0A3332332E30360D0A3332332E30360D0A3332322E38310D0A3332322E36300D0A3332322E36300D0A3332322E36300D0A3332322E32300D
02-02-2020 15:52:22.107,4799,RECV,0A3332322E32300D0A3332322E32300D0A3332322E32300D0A3332312E36310D0A3332312E36310D0A3332312E36310D0A3332312E36310D0A3332302E
02-02-2020 15:52:22.169,4800,RECV,36310D0A3332302E36310D0A3332302E36310D0A3332302E36310D0A3331392E37360D0A333139
02-02-2020 15:52:22.294,4801,RECV,0A3331362E39360D0A3331362E39360D0A3331362E31390D0A3331362E31390D0A3331362E31390D0A
02-02-2020 15:52:22.356,4802,RECV,3331362E31390D0A3331352E33350D0A3331352E33350D0A3331352E33350D0A3331352E33350D0A3331342E35330D0A3331342E35330D0A3331342E3533
02-02-2020 15:52:22.419,4803,RECV,0D0A3331342E35330D0A3331342E35330D0A3331342E35330D0A3331342E35330D0A3331342E35330D0A3331342E35330D0A3331342E35330D0A333134
02-02-2020 15:52:22.481,4804,RECV,2E35330D0A3331342E35330D0A3331342E35330D0A3331342E35330D0A3331342E35330D0A3331342E35330D0A3331342E35330D0A3331342E
02-02-2020 15:52:22.559,4805,RECV,35330D0A3331342E35330D0A3331342E35330D0A3331342E35330D0A3331342E35330D0A3331342E35330D0A3331342E35330D0A3331352E35310D0A33
02-02-2020 15:52:22.606,4806,RECV,31352E35310D0A3331352E35310D0A3331352E35310D0A3331362E30300D0A3331362E30300D0A3331362E30300D0A3331362E30300D0A3331362E35390D
02-02-2020 15:52:22.669,4807,RECV,0A3331362E35390D0A3331362E35390D0A3331362E35390D0A3331372E34320D0A3331372E34320D0A3331372E34320D0A3331372E34320D0A3331382E
02-02-2020 15:52:22.732,4808,RECV,35300D0A3331382E35300D0A3331382E35300D0A3331382E35300D0A3331392E32390D0A3331392E32390D0A3331392E32390D0A3331392E32390D0A3332
02-02-2020 15:52:22.794,4809,RECV,302E31380D0A3332302E31380D0A3332302E31380D0A3332302E31380D0A3332312E30310D0A3332312E30310D0A3332312E30310D0A3332312E30310D
02-02-2020 15:52:22.856,4810,RECV,0A3332312E36310D0A3332312E36310D0A3332312E36310D0A3332312E36310D0A3332372E36310D0A3332372E36310D0A3332372E36310D0A3332372E36
02-02-2020 15:52:22.919,4811,RECV,310D0A3332372E36310D0A3332372E36310D0A3332372E36310D0A3332372E36310D0A3332372E36310D0A333237
02-02-2020 15:52:22.981,4812,RECV,2E36310D0A3332372E36310D0A3332372E36310D0A3332372E36310D0A3332372E36310D0A3332372E36310D0A3332372E36310D0A3332372E36310D0A
02-02-2020 15:52:23.044,4813,RECV,333237
02-02-2020 15:52:23.122,4814,RECV,0A3331392E35350D0A3331382E37320D0A3331382E37320D0A3331382E3732
02-02-2020 15:52:23.169,4815,RECV,0D0A3331382E37320D0A3331372E39380D0A3331372E39380D0A3331372E39380D0A3331372E39380D0A3331372E34330D0A3331372E34330D0A3331372E
02-02-2020 15:52:23.231,4816,RECV,34330D0A3331372E34330D0A3331372E33380D0A3331372E33380D0A3331372E33380D0A3331372E33380D0A33
02-02-2020 15:52:23.294,4817,RECV,31372E38340D0A3331372E38340D0A3331372E38340D0A3331372E38340D0A3331372E39350D0A3331372E39350D0A3331372E39350D0A3331372E39350D
02-02-2020 15:52:23.356,4818,RECV,0A3331382E36310D0A3331382E36310D0A3331382E36310D0A3331382E36310D0A3332302E32350D0A3332302E32350D0A3332302E32350D0A3332302E
02-02-2020 15:52:23.419,4819,RECV,32350D0A3332302E32350D0A3332302E32350D0A3332302E32350D0A3332302E32350D0A333230
02-02-2020 15:52:23.544,4820,RECV,0A3332302E32350D0A3332302E32350D0A3332302E32350D0A3332372E38320D0A3332372E38320D0A3332372E38320D0A3332
02-02-2020 15:52:23.606,4821,RECV,372E38320D0A3332382E35390D0A3332382E35390D0A3332382E35390D0A3332382E35390D0A3332392E33360D0A
02-02-2020 15:52:23.685,4822,RECV,3332392E33360D0A3332392E33360D0A3332392E33360D0A3332392E39350D0A3332392E39350D0A3332392E39350D0A3332392E39350D0A3332392E3735
02-02-2020 15:52:23.732,4823,RECV,0D0A3332392E37350D0A3332392E37350D0A3332392E37350D0A3332382E39380D0A3332382E39380D0A3332382E39380D0A3332382E3938
02-02-2020 15:52:23.794,4824,RECV,0D0A3332382E38300D0A3332382E38300D0A3332382E38300D0A3332382E38300D0A3332372E39300D0A3332372E39300D0A3332372E39300D0A333237
02-02-2020 15:52:23.846,4825,RECV,2E39300D0A3332372E34370D0A3332372E34370D0A3332372E34370D0A3332372E34370D0A3332362E33390D0A3332
02-02-2020 15:52:23.908,4826,RECV,362E33390D0A3332362E33390D0A3332362E33390D0A3332352E32350D0A3332352E32350D0A3332352E32350D0A3332352E32350D0A3332352E32350D
02-02-2020 15:52:23.986,4827,RECV,0A3332352E32350D0A3332352E32350D0A3332352E32350D0A3332352E32350D0A3332352E32350D0A3332352E32350D0A3332352E32350D0A3332352E32
02-02-2020 15:52:24.033,4828,RECV,350D0A3332352E32350D0A3332352E32350D0A3332302E30310D0A3332302E36370D0A3332302E36370D0A3332302E36370D0A3331392E32310D0A3331
02-02-2020 15:52:24.111,4829,RECV,392E34360D0A3331392E34360D0A3331392E34360D0A3331392E30300D0A3331392E30300D0A3331392E30300D0A3331392E30300D0A3331382E34300D0A
02-02-2020 15:52:24.158,4830,RECV,3331382E34300D0A3331382E34300D0A3331382E34300D0A3331382E31320D0A3331382E31320D0A3331382E31320D0A3331382E31320D0A3331382E31
02-02-2020 15:52:24.220,4831,RECV,370D0A3331382E31370D0A3331382E31370D0A3331382E31370D0A3331382E33330D0A3331382E33330D0A3331382E33330D0A3331382E33330D0A333138
02-02-2020 15:52:24.283,4832,RECV,2E36350D0A3331382E36350D0A3331382E36350D0A3331382E36350D0A3331392E37350D0A3331392E37350D0A3331392E37350D0A3331392E37350D0A
02-02-2020 15:52:24.345,4833,RECV,3332302E34370D0A3332302E34370D0A3332302E34370D0A3332302E34370D0A3332312E35350D0A3332312E35350D0A3332312E35350D0A3332312E3535
02-02-2020 15:52:24.408,4834,RECV,0D0A3332322E39320D0A3332322E39320D0A3332322E39320D0A3332322E39320D0A3332322E39320D0A3332322E
02-02-2020 15:52:24.470,4835,RECV,39320D0A3332322E39320D0A3332322E39320D0A3332322E39320D0A3332322E39320D0A333232
02-02-2020 15:52:24.595,4836,RECV,0A3332392E30340D0A3332392E36360D0A3332392E36360D0A3332392E36360D0A3332392E36360D0A3332392E36320D0A3332
02-02-2020 15:52:24.673,4837,RECV,392E36320D0A3332392E36320D0A3332392E36320D0A3333302E32350D0A3333302E32350D0A3333302E32350D0A3333302E32350D0A3333302E32320D0A
02-02-2020 15:52:24.720,4838,RECV,3333302E32320D0A3333302E32320D0A3333302E32320D0A3333302E33380D0A3333302E33380D0A3333302E33380D0A3333302E33380D0A3333302E32
02-02-2020 15:52:24.783,4839,RECV,380D0A3333302E32380D0A3333302E32380D0A3333302E32380D0A3333302E30340D0A3333302E30340D0A3333302E30340D0A3333302E30
02-02-2020 15:52:24.845,4840,RECV,340D0A3332392E37360D0A3332392E37360D0A3332392E37360D0A3332392E37360D0A3333302E30340D0A3333302E30340D0A3333302E30340D0A333330
02-02-2020 15:52:24.908,4841,RECV,2E30340D0A3332392E30330D0A3332392E30330D0A3332392E30330D0A3332392E30330D0A3332392E30330D0A3332392E30330D0A3332392E30330D0A
02-02-2020 15:52:24.970,4842,RECV,3332392E30330D0A3332392E30330D0A3332392E30330D0A3332392E30330D0A3332392E30330D0A3332392E30330D0A3332392E30330D0A3332392E3033
02-02-2020 15:52:25.021,4843,RECV,0D0A3333312E39350D0A3333322E32320D0A3333322E32320D0A3333322E32320D0A3333332E36340D0A3333332E
02-02-2020 15:52:25.099,4844,RECV,37360D0A3333332E37360D0A3333332E37360D0A3332352E31370D0A3332352E31370D0A3332352E31370D0A3332352E31370D0A3332332E38370D0A33
02-02-2020 15:52:25.147,4845,RECV,32332E38370D0A3332332E38370D0A3332332E38370D0A3332332E33340D0A3332332E33340D0A3332332E33340D0A3332332E33340D0A3332322E30330D
02-02-2020 15:52:25.224,4846,RECV,0A3332322E30330D0A3332322E30330D0A3332322E30330D0A3332312E31300D0A3332312E31300D0A3332312E31300D0A3332312E31300D0A3332302E
02-02-2020 15:52:25.271,4847,RECV,34390D0A3332302E34390D0A3332302E34390D0A3332302E34390D0A3331392E37390D0A3331392E37390D0A3331
02-02-2020 15:52:25.334,4848,RECV,392E37390D0A3331392E37390D0A3331392E34300D0A3331392E34300D0A3331392E34300D0A3331392E34300D0A3331392E33310D0A3331392E33310D0A
02-02-2020 15:52:25.397,4849,RECV,3331392E33310D0A3331392E33310D0A3331392E33310D0A3331392E33310D0A3331392E33310D0A3331392E33310D0A3331392E33310D0A3331392E3331
02-02-2020 15:52:25.459,4850,RECV,0D0A3331392E33310D0A3331392E33310D0A3331392E33310D0A3331392E33310D0A3331392E33310D0A3331392E33310D0A3331392E33310D0A333139
02-02-2020 15:52:25.521,4851,RECV,2E33310D0A3331392E33310D0A3331392E33310D0A3331392E33310D0A3331392E33310D0A3331392E33310D0A3331392E33310D0A3332302E33340D0A33
02-02-2020 15:52:25.584,4852,RECV,32302E33340D0A3332302E33340D0A3332302E33340D0A3332302E35300D0A3332302E35300D0A3332302E35300D0A3332302E35300D0A3332302E3734
02-02-2020 15:52:25.646,4853,RECV,0D0A3332302E37340D0A3332302E37340D0A3332302E37340D0A3332302E36350D0A3332302E36350D0A3332302E36350D0A3332302E36350D0A3332302E
02-02-2020 15:52:25.709,4854,RECV,37330D0A3332302E37330D0A3332302E37330D0A3332302E37330D0A3332302E37330D0A3332302E37330D0A3332302E37330D0A3332302E37330D0A33
02-02-2020 15:52:25.787,4855,RECV,32302E34310D0A3332302E34310D0A3332302E34310D0A3332302E34310D0A3332302E38300D0A3332302E38300D0A3332302E38300D0A3332302E38300D
02-02-2020 15:52:25.834,4856,RECV,0A3332302E35370D0A3332302E35370D0A3332302E35370D0A3332302E35370D0A3332312E31380D0A3332312E31380D0A3332312E31380D0A3332312E
02-02-2020 15:52:25.896,4857,RECV,31380D0A3332312E31380D0A3332312E31380D0A3332312E31380D0A3332312E31380D0A3332312E31380D0A3332
02-02-2020 15:52:25.959,4858,RECV,312E31380D0A3332312E31380D0A3332312E31380D0A3332312E31380D0A3332312E31380D0A3332312E31380D0A3332312E31380D0A3332312E31380D0A
02-02-2020 15:52:26.021,4859,RECV,3332312E31380D0A3332312E31380D0A3332322E31300D0A3332322E34340D0A3332322E34340D0A3332322E34340D0A3332322E39300D0A3332322E39
02-02-2020 15:52:26.084,4860,RECV,370D0A3332322E39370D0A3332322E39370D0A3332332E35390D0A3332332E35390D0A3332332E35390D0A3332332E35390D0A3332332E35330D0A333233
02-02-2020 15:52:26.146,4861,RECV,2E35330D0A3332332E35330D0A3332332E35330D0A3332342E37300D0A3332342E37300D0A3332342E37300D0A3332342E37300D0A3332352E32340D0A
02-02-2020 15:52:26.209,4862,RECV,3332352E32340D0A3332352E32340D0A3332352E32340D0A3332352E33300D0A3332352E33300D0A3332352E33300D0A3332352E33300D0A3332352E3837
02-02-2020 15:52:26.271,4863,RECV,0D0A3332352E38370D0A3332352E38370D0A3332352E38370D0A3332362E32350D0A3332362E32350D0A3332362E32350D0A3332362E32350D0A3332372E
02-02-2020 15:52:26.349,4864,RECV,31300D0A3332372E31300D0A3332372E31300D0A3332372E31300D0A3332362E39350D0A333236
02-02-2020 15:52:26.459,4865,RECV,0A3332362E39350D0A3332362E39350D0A3332362E39350D0A3332362E39350D0A3332362E39350D0A3332362E39350D0A3332362E39350D
02-02-2020 15:52:26.521,4866,RECV,0A3332362E39350D0A3332362E39350D0A3332362E39350D0A3332332E33390D0A3332332E33390D0A3332332E33
02-02-2020 15:52:26.583,4867,RECV,390D0A3332332E33390D0A3332372E34320D0A3332372E34320D0A3332372E34320D0A3332372E34320D0A3332312E30340D0A3332312E30340D0A333231
02-02-2020 15:52:26.646,4868,RECV,2E30340D0A3332312E30340D0A3332352E39320D0A3332352E39320D0A3332352E39320D0A3332352E39320D0A3331392E38
02-02-2020 15:52:26.708,4869,RECV,350D0A3331392E38350D0A3331392E38350D0A3331392E38350D0A3331392E37310D0A3331392E37310D0A3331392E37310D0A3331392E37310D0A333137
02-02-2020 15:52:26.771,4870,RECV,2E39370D0A3331372E39370D0A3331372E39370D0A3331372E39370D0A3331372E38320D0A3331372E38320D0A3331372E38320D0A3331372E38320D0A33
02-02-2020 15:52:26.834,4871,RECV,31372E34330D0A3331372E34330D0A3331372E34330D0A3331372E34330D0A3331372E32390D0A3331372E32390D0A3331372E32390D0A3331372E3239
02-02-2020 15:52:26.912,4872,RECV,0D
02-02-2020 15:52:26.959,4873,RECV,2E32390D0A3331372E32390D0A3331372E32390D0A3331372E35320D0A3331372E
02-02-2020 15:52:27.021,4874,RECV,33340D0A3331372E33340D0A3331372E33340D0A3331372E35380D0A3331372E34390D0A3331372E34390D0A3331372E34390D0A3331372E36340D0A33
02-02-2020 15:52:27.084,4875,RECV,31372E36340D0A3331372E36340D0A3331372E36340D0A3331372E35340D0A3331372E35340D0A3331372E35340D0A3331372E
02-02-2020 15:52:27.146,4876,RECV,35340D0A3332332E32300D0A3332332E32300D0A3332332E32300D0A3332332E32300D0A3331372E32300D0A3331372E32300D0A3331372E32300D0A3331
02-02-2020 15:52:27.209,4877,RECV,372E32300D0A3331362E39360D0A3331362E39360D0A3331362E39360D0A3331362E39360D0A3332322E33390D0A
02-02-2020 15:52:27.271,4878,RECV,3332322E33390D0A3332322E33390D0A3332322E33390D0A3331362E36330D0A3331362E36330D0A3331362E36330D0A3331362E36330D0A3331362E32
02-02-2020 15:52:27.333,4879,RECV,340D0A3331362E32340D0A3331362E32340D0A3331362E32340D0A3331362E31390D0A3331362E31390D0A3331362E31390D0A3331362E31390D0A333136
02-02-2020 15:52:27.396,4880,RECV,2E31390D0A3331362E31390D0A3331362E31390D0A3331362E31390D0A3331362E31390D0A3331362E31390D0A3331362E31390D0A3331362E31390D0A
02-02-2020 15:52:27.474,4881,RECV,3331362E31390D0A3331362E31390D0A3331362E31390D0A3331362E31390D0A3331362E31390D0A3331362E31390D0A3331362E31390D0A3331362E3139
02-02-2020 15:52:27.521,4882,RECV,0D0A3331362E31390D0A3331362E31390D0A3331362E31390D0A3331362E31390D0A3331362E39310D0A3331362E39310D0A3331362E39310D0A333136
02-02-2020 15:52:27.583,4883,RECV,2E39310D0A3331362E39310D0A3331362E39310D0A3331362E39310D0A3331362E39310D0A333137
02-02-2020 15:52:27.771,4884,RECV,2E33350D0A3331392E33350D0A3331392E33350D0A3331
02-02-2020 15:52:27.833,4885,RECV,382E38340D0A3331382E38340D0A3331382E38340D0A3331382E38340D0A3331382E32350D0A3331382E32350D0A
02-02-2020 15:52:27.896,4886,RECV,3331382E32350D0A3331382E32350D0A3331382E32350D0A3331382E32350D
02-02-2020 15:52:28.021,4887,RECV,2E33380D0A3331352E39300D0A3331362E31300D0A3331362E31300D0A3331362E31300D0A3331352E35320D0A333135
02-02-2020 15:52:28.083,4888,RECV,2E35320D0A3331352E35320D0A3331352E35320D0A3331352E34320D0A3331352E34320D0A3331352E34320D0A3331352E34320D
02-02-2020 15:52:28.146,4889,RECV,0A3331352E31320D0A3331352E31320D0A3331352E31320D0A3331352E31320D0A3331382E34360D0A3331382E34360D0A3331382E34360D0A333138
02-02-2020 15:52:28.208,4890,RECV,2E34360D0A3332312E33350D0A3332312E33350D0A3332312E33350D0A3332312E33350D0A333136
02-02-2020 15:52:28.333,4891,RECV,0A3331382E33320D0A3331382E33320D0A3331382E33320D0A3331382E33320D0A3331382E33320D0A3331382E33320D0A3331382E33320D0A3331382E
02-02-2020 15:52:28.396,4892,RECV,33320D0A3331382E33320D0A3331382E33320D0A3331382E33320D0A3331382E33320D0A3331382E33320D0A3331382E33320D
02-02-2020 15:52:28.474,4893,RECV,0A3331382E33320D0A3331382E33320D0A3331382E33320D0A3331382E33320D0A3331382E33320D0A3331382E33
02-02-2020 15:52:28.521,4894,RECV,320D0A3331382E33320D0A3331382E33320D0A3331382E33320D0A3332312E34310D0A3332312E34310D0A3332312E34310D0A3332312E34310D0A3332
02-02-2020 15:52:28.599,4895,RECV,312E36340D0A3332312E36340D0A3332312E36340D0A3332312E36340D0A3332312E38370D0A3332312E38370D0A3332312E38370D0A3332312E38370D0A
02-02-2020 15:52:28.646,4896,RECV,3332322E30330D0A3332322E30330D0A3332322E30330D0A3332322E30330D0A3332322E31330D0A3332322E31330D0A3332322E31330D0A
02-02-2020 15:52:28.708,4897,RECV,3332322E31330D0A3332342E35320D0A3332342E35320D0A3332342E35320D0A3332342E35320D0A3332372E39370D0A3332372E39370D0A3332372E3937
02-02-2020 15:52:28.770,4898,RECV,0D
02-02-2020 15:52:28.833,4899,RECV,2E31360D0A3332312E39390D0A3332312E39390D0A3332312E39390D0A3332312E39390D0A33
02-02-2020 15:52:28.895,4900,RECV,32312E39390D0A3332312E39390D0A3332312E39390D0A3332312E39390D0A3332312E39390D0A3332312E39390D0A3332312E39390D0A3332312E3939
02-02-2020 15:52:28.958,4901,RECV,0D0A3332312E39390D0A3332312E39390D0A3332312E39390D0A3332312E39390D0A3332312E39390D0A3332312E39390D0A33
02-02-2020 15:52:29.036,4902,RECV,32312E39390D0A3332302E31300D0A3332302E30330D0A3332302E30330D0A3332302E30330D0A3331392E35360D0A333139
02-02-2020 15:52:29.145,4903,RECV,0A3331382E35370D0A3331382E35
02-02-2020 15:52:29.208,4904,RECV,370D0A3331382E34300D0A3331382E34300D0A3331382E34300D0A3331382E34300D0A3331382E32360D0A3331382E32360D0A3331382E32360D0A333138
02-02-2020 15:52:29.270,4905,RECV,2E32360D0A3331382E33320D0A3331382E33320D0A333138
02-02-2020 15:52:29.333,4906,RECV,0A3331382E35330D0A3331382E3533
02-02-2020 15:52:29.395,4907,RECV,0D0A3331382E35330D0A3331382E35330D0A3331382E35330D0A3331382E35330D0A3331382E35330D0A3331382E35330D0A3331382E35330D0A333138
02-02-2020 15:52:29.458,4908,RECV,2E35330D0A3331382E35330D0A3331382E35330D0A3331382E35330D0A3331382E35330D0A3331382E35330D0A3331382E3533
02-02-2020 15:52:29.520,4909,RECV,0D0A3331382E35330D0A3331382E35330D0A3331382E35330D0A3331382E35330D0A3331382E35330D0A3331372E38300D0A3331372E38300D0A333137
02-02-2020 15:52:29.583,4910,RECV,2E38300D0A3331372E38300D
02-02-2020 15:52:29.646,4911,RECV,2E31330D0A3331362E31330D0A3331362E31330D0A33
02-02-2020 15:52:29.723,4912,RECV,31362E31330D0A3331362E33320D0A3331362E33320D0A3331362E33320D0A3331362E33320D0A3331352E39360D0A3331352E39360D0A3331352E39360D
02-02-2020 15:52:29.770,4913,RECV,0A3331352E39360D0A3331352E39360D
02-02-2020 15:52:29.884,4914,RECV,2E33360D0A3332332E33360D0A3332332E33360D0A3332332E33360D0A3332332E33360D0A3332332E33360D0A3332332E33360D0A
02-02-2020 15:52:29.947,4915,RECV,3332332E33360D0A3332332E33360D0A3332332E33360D0A3332332E33360D0A3332332E33360D0A3332332E3336
02-02-2020 15:52:30.025,4916,RECV,0D0A3332332E33360D0A3332312E39390D0A3332302E39380D0A3332302E39380D0A3332302E39380D0A3332312E37300D0A33
02-02-2020 15:52:30.072,4917,RECV,32312E34380D0A3332312E34380D0A3332312E34380D0A3332312E38320D0A3332312E38320D0A3332312E38320D0A333231
02-02-2020 15:52:30.197,4918,RECV,0A3332322E30370D0A3332322E30370D0A3332322E30370D0A3332322E
02-02-2020 15:52:30.259,4919,RECV,30370D0A3332312E36350D0A3332312E36350D0A3332312E36350D0A3332312E36350D0A3332312E33310D0A3332312E33310D0A3332312E33310D0A3332
02-02-2020 15:52:30.322,4920,RECV,312E33310D0A3332372E30340D0A3332372E30340D0A3332372E30340D0A3332372E30340D0A3331392E37350D0A3331392E37350D0A3331392E37350D
02-02-2020 15:52:30.384,4921,RECV,0A3331392E37350D0A3332352E30390D0A3332352E30390D0A3332352E30390D0A3332352E30390D0A3332352E30390D0A3332352E30390D0A3332352E30
02-02-2020 15:52:30.447,4922,RECV,390D0A3332352E30390D0A3332352E30390D0A3332352E30390D0A3332352E30390D0A3332352E30390D0A3332352E30390D0A3332352E30390D0A333235
02-02-2020 15:52:30.511,4923,RECV,2E30390D0A3332352E30390D0A3332352E30390D0A3332352E30390D0A3332352E30390D0A3332352E30390D0A3332352E30390D0A3332352E30390D0A
02-02-2020 15:52:30.589,4924,RECV,3332352E30390D0A3332352E30390D0A3331322E32370D0A3331322E32370D0A3331322E32370D0A3331322E32370D0A3331312E39340D0A3331312E3934
02-02-2020 15:52:30.636,4925,RECV,0D
02-02-2020 15:52:30.714,4926,RECV,2E39350D0A33
02-02-2020 15:52:30.761,4927,RECV,31312E39350D0A3331312E38340D0A3331312E38340D0A3331312E38340D0A3331312E38340D0A3331322E30350D0A3331322E30350D0A3331322E30350D
02-02-2020 15:52:30.823,4928,RECV,0A3331322E30350D0A3331332E32370D0A3331332E32370D0A3331332E32370D0A3331332E32370D0A3331322E32380D0A3331322E32380D0A3331322E
02-02-2020 15:52:30.886,4929,RECV,32380D0A3331322E32380D0A3331322E38360D0A3331322E38360D0A3331322E38360D0A3331322E38360D0A3331322E38360D0A3331322E38360D0A3331
02-02-2020 15:52:30.948,4930,RECV,322E38360D0A333132
02-02-2020 15:52:31.011,4931,RECV,0A3331342E30300D0A3331342E30300D0A3331
02-02-2020 15:52:31.073,4932,RECV,342E30300D0A3331342E35360D0A3331342E35360D0A3331342E35360D0A3331342E35360D0A3331352E31340D0A3331352E31340D0A3331352E31340D0A
02-02-2020 15:52:31.136,4933,RECV,3331352E31340D0A3331352E32360D0A3331352E32360D0A3331352E32360D0A3331352E32360D0A3331352E39330D0A3331352E39330D0A3331352E39
02-02-2020 15:52:31.198,4934,RECV,330D0A3331352E39330D0A3331352E39330D0A3331352E39330D0A3331352E39330D0A3331352E39330D0A3331362E30340D0A3331362E30340D
02-02-2020 15:52:31.292,4935,RECV,0A3331362E30340D0A3331362E30340D0A3331362E30360D0A3331362E30360D0A3331362E30360D0A3331362E30360D0A3331352E30380D0A333135
02-02-2020 15:52:31.323,4936,RECV,2E30380D0A3331352E30380D0A3331352E30380D0A3331342E37370D0A3331342E37370D0A3331342E37370D0A33
02-02-2020 15:52:31.385,4937,RECV,31342E37370D0A3331342E31310D0A3331342E31310D0A3331342E31310D0A3331342E31310D0A3331342E31310D0A3331342E31310D0A3331342E31310D
02-02-2020 15:52:31.448,4938,RECV,0A3331342E31310D0A3331342E31310D0A3331342E31310D0A3331342E31310D
02-02-2020 15:52:31.573,4939,RECV,2E31310D0A3331332E31390D0A3331332E31390D0A3331332E31390D0A3331332E31390D0A3331332E35320D0A3331332E35320D0A3331332E
02-02-2020 15:52:31.636,4940,RECV,35320D0A3331332E35320D0A3331332E39380D0A3331332E39380D0A3331332E39380D0A3331332E39380D0A3331342E35380D0A3331342E35380D0A3331
02-02-2020 15:52:31.713,4941,RECV,342E35380D0A3331342E35380D0A3331352E34320D0A3331352E34320D0A3331352E34320D0A3331352E34320D0A3331352E39300D0A3331352E39300D0A
02-02-2020 15:52:31.761,4942,RECV,3331352E39300D0A3331352E39300D0A333136
02-02-2020 15:52:31.823,4943,RECV,0A3331372E33370D0A
02-02-2020 15:52:31.886,4944,RECV,3331372E33370D0A3331372E33370D0A3331372E33370D0A3331372E33370D0A3331372E33370D0A3331372E33370D0A3331372E33370D0A3331372E3337
02-02-2020 15:52:31.948,4945,RECV,0D0A3331372E33370D0A3331372E33370D0A3331372E33370D0A333137
02-02-2020 15:52:32.073,4946,RECV,0A3331352E35320D0A3331352E33380D0A3331352E33380D0A3331352E33380D0A33
02-02-2020 15:52:32.151,4947,RECV,31352E33380D0A3331342E36330D0A3331342E36330D0A3331342E36330D0A3331342E36330D0A3331342E35300D0A3331342E35300D0A3331342E35300D
02-02-2020 15:52:32.198,4948,RECV,0A333134
02-02-2020 15:52:32.276,4949,RECV,0A3331322E39360D0A3331322E39
02-02-2020 15:52:32.323,4950,RECV,360D0A3331322E39360D0A3331322E39360D0A3331322E38340D0A3331322E38340D0A3331322E38340D0A3331322E38340D0A3331322E39350D0A3331
02-02-2020 15:52:32.385,4951,RECV,322E39350D0A3331322E39350D0A3331322E39350D0A333132
02-02-2020 15:52:32.698,4952,RECV,0A3331312E36300D0A3331312E36300D0A3331312E38320D0A3331312E38320D0A3331312E38320D0A3331312E
02-02-2020 15:52:32.760,4953,RECV,38320D0A3331312E34370D0A3331312E34370D0A3331312E34370D0A3331312E34370D0A3331312E31300D0A3331312E31300D0A333131
02-02-2020 15:52:32.823,4954,RECV,2E31300D0A3331312E31300D0A3331302E39390D0A3331302E39390D0A3331302E39390D0A3331302E39390D0A3331302E38360D
02-02-2020 15:52:32.885,4955,RECV,0A3331302E38360D0A3331302E38360D0A3331302E38360D0A3331312E32310D0A3331312E32310D0A3331312E32310D0A3331312E32310D0A3331312E
02-02-2020 15:52:32.963,4956,RECV,32310D0A3331312E32310D0A3331312E32310D0A3331312E32310D0A3331312E32310D0A3331312E32310D0A3331312E32310D0A3331312E32310D0A3331
02-02-2020 15:52:33.010,4957,RECV,312E32310D0A3331312E32310D0A3331312E32310D0A333131
02-02-2020 15:52:33.073,4958,RECV,0A3331
02-02-2020 15:52:33.135,4959,RECV,322E31370D0A3331322E31370D0A3331322E31370D0A3331322E35320D0A3331322E35320D0A3331322E35320D0A3331322E35320D0A3331322E37340D0A
02-02-2020 15:52:33.198,4960,RECV,3331322E37340D0A3331322E37340D0A3331322E37340D0A3331322E39370D0A333132
02-02-2020 15:52:34.691,4961,RECV,2E30300D0A3331362E30300D0A3331362E30300D0A3331322E38320D0A3331322E38320D0A3331322E38320D0A3331322E38320D0A3331332E
02-02-2020 15:52:34.754,4962,RECV,35360D0A3331332E35360D0A3331332E35360D0A3331332E35360D0A3331342E32390D0A3331342E32390D
02-02-2020 15:52:35.307,4963,RECV,2E38370D0A3332352E38370D0A3332352E38370D0A3332342E38360D0A3332342E38360D0A3332342E38360D0A3332342E38360D
02-02-2020 15:52:35.369,4964,RECV,0A3332332E36310D0A3332332E36310D0A3332332E36310D0A3332332E36310D0A3332332E30360D0A3332332E30360D
02-02-2020 15:52:36.245,4965,RECV,0A3331392E31390D0A3331392E31390D0A3331392E31390D0A3331392E31390D0A3331392E31390D0A3331382E37300D0A
02-02-2020 15:52:36.308,4966,RECV,3331382E37300D0A3331382E37300D0A3331382E37300D0A3331382E31320D0A3331382E31320D0A3331382E31320D0A3331382E31320D0A3331372E3838
02-02-2020 15:52:36.371,4967,RECV,0D0A3331372E38380D0A3331372E38380D0A3331372E38380D0A3331372E30360D0A3331372E30360D0A3331372E30360D0A3331372E30360D0A333137
02-02-2020 15:52:36.433,4968,RECV,2E30360D0A3331372E30360D0A3331372E30360D0A3331372E30360D
02-02-2020 15:52:38.495,4969,RECV,0A3332
02-02-2020 15:52:38.558,4970,RECV,362E38320D0A3332362E38320D0A3332362E38320D0A3332362E38320D0A3332362E38320D0A3332362E38320D0A3332362E38320D0A3332362E38320D
02-02-2020 15:52:38.636,4971,RECV,0A3332362E38320D0A3332362E38320D0A3332362E38320D0A3332362E38320D0A333236
